{"/Users/vincentolagbemide/Documents/ReactProjects/main/epic-mail-react/src/components/Button/index.jsx": {"path":"/Users/vincentolagbemide/Documents/ReactProjects/main/epic-mail-react/src/components/Button/index.jsx","statementMap":{"0":{"start":{"line":3,"column":15},"end":{"line":9,"column":1}},"1":{"start":{"line":4,"column":2},"end":{"line":8,"column":4}}},"fnMap":{"0":{"name":"(anonymous_0)","decl":{"start":{"line":3,"column":15},"end":{"line":3,"column":16}},"loc":{"start":{"line":3,"column":80},"end":{"line":9,"column":1}},"line":3}},"branchMap":{"0":{"loc":{"start":{"line":6,"column":10},"end":{"line":6,"column":55}},"type":"cond-expr","locations":[{"start":{"line":6,"column":23},"end":{"line":6,"column":39}},{"start":{"line":6,"column":43},"end":{"line":6,"column":55}}],"line":6},"1":{"loc":{"start":{"line":6,"column":23},"end":{"line":6,"column":39}},"type":"binary-expr","locations":[{"start":{"line":6,"column":23},"end":{"line":6,"column":31}},{"start":{"line":6,"column":35},"end":{"line":6,"column":39}}],"line":6}},"s":{"0":2,"1":14},"f":{"0":14},"b":{"0":[13,1],"1":[13,13]},"_coverageSchema":"43e27e138ebf9cfc5966b082cf9a028302ed4184","hash":"cbc6c41cd0aa3940ec99589b6ce64a62dd74514b"}
,"/Users/vincentolagbemide/Documents/ReactProjects/main/epic-mail-react/src/components/Input/index.jsx": {"path":"/Users/vincentolagbemide/Documents/ReactProjects/main/epic-mail-react/src/components/Input/index.jsx","statementMap":{"0":{"start":{"line":3,"column":14},"end":{"line":5,"column":3}},"1":{"start":{"line":4,"column":6},"end":{"line":4,"column":84}}},"fnMap":{"0":{"name":"(anonymous_0)","decl":{"start":{"line":3,"column":14},"end":{"line":3,"column":15}},"loc":{"start":{"line":4,"column":6},"end":{"line":4,"column":84}},"line":4}},"branchMap":{},"s":{"0":2,"1":73},"f":{"0":73},"b":{},"_coverageSchema":"43e27e138ebf9cfc5966b082cf9a028302ed4184","hash":"227fd457ec006c54c57e632f71bfb1058d9f490b"}
,"/Users/vincentolagbemide/Documents/ReactProjects/main/epic-mail-react/src/components/header/header.js": {"path":"/Users/vincentolagbemide/Documents/ReactProjects/main/epic-mail-react/src/components/header/header.js","statementMap":{"0":{"start":{"line":4,"column":15},"end":{"line":12,"column":1}},"1":{"start":{"line":5,"column":2},"end":{"line":11,"column":11}}},"fnMap":{"0":{"name":"(anonymous_0)","decl":{"start":{"line":4,"column":15},"end":{"line":4,"column":16}},"loc":{"start":{"line":5,"column":2},"end":{"line":11,"column":11}},"line":5}},"branchMap":{},"s":{"0":1,"1":2},"f":{"0":2},"b":{},"_coverageSchema":"43e27e138ebf9cfc5966b082cf9a028302ed4184","hash":"57c37d9b0fa82c57c3974548b9ae3818bc5e6782"}
,"/Users/vincentolagbemide/Documents/ReactProjects/main/epic-mail-react/src/pages/SignUp/index.jsx": {"path":"/Users/vincentolagbemide/Documents/ReactProjects/main/epic-mail-react/src/pages/SignUp/index.jsx","statementMap":{"0":{"start":{"line":10,"column":15},"end":{"line":118,"column":1}},"1":{"start":{"line":13,"column":6},"end":{"line":13,"column":11}},"2":{"start":{"line":14,"column":30},"end":{"line":21,"column":4}},"3":{"start":{"line":22,"column":19},"end":{"line":25,"column":3}},"4":{"start":{"line":23,"column":4},"end":{"line":23,"column":16}},"5":{"start":{"line":24,"column":4},"end":{"line":24,"column":80}},"6":{"start":{"line":24,"column":28},"end":{"line":24,"column":77}},"7":{"start":{"line":27,"column":17},"end":{"line":34,"column":3}},"8":{"start":{"line":28,"column":4},"end":{"line":28,"column":23}},"9":{"start":{"line":29,"column":4},"end":{"line":32,"column":5}},"10":{"start":{"line":30,"column":6},"end":{"line":30,"column":72}},"11":{"start":{"line":31,"column":6},"end":{"line":31,"column":13}},"12":{"start":{"line":33,"column":4},"end":{"line":33,"column":27}},"13":{"start":{"line":36,"column":2},"end":{"line":56,"column":27}},"14":{"start":{"line":37,"column":4},"end":{"line":41,"column":5}},"15":{"start":{"line":38,"column":6},"end":{"line":38,"column":97}},"16":{"start":{"line":42,"column":4},"end":{"line":50,"column":5}},"17":{"start":{"line":43,"column":6},"end":{"line":49,"column":7}},"18":{"start":{"line":44,"column":8},"end":{"line":46,"column":9}},"19":{"start":{"line":44,"column":21},"end":{"line":44,"column":22}},"20":{"start":{"line":45,"column":10},"end":{"line":45,"column":75}},"21":{"start":{"line":48,"column":8},"end":{"line":48,"column":62}},"22":{"start":{"line":57,"column":2},"end":{"line":117,"column":4}},"23":{"start":{"line":120,"column":24},"end":{"line":126,"column":2}},"24":{"start":{"line":120,"column":34},"end":{"line":126,"column":1}},"25":{"start":{"line":131,"column":23},"end":{"line":131,"column":42}},"26":{"start":{"line":131,"column":29},"end":{"line":131,"column":42}},"27":{"start":{"line":133,"column":31},"end":{"line":133,"column":37}}},"fnMap":{"0":{"name":"(anonymous_0)","decl":{"start":{"line":10,"column":15},"end":{"line":10,"column":16}},"loc":{"start":{"line":10,"column":26},"end":{"line":118,"column":1}},"line":10},"1":{"name":"(anonymous_1)","decl":{"start":{"line":22,"column":19},"end":{"line":22,"column":20}},"loc":{"start":{"line":22,"column":26},"end":{"line":25,"column":3}},"line":22},"2":{"name":"(anonymous_2)","decl":{"start":{"line":24,"column":14},"end":{"line":24,"column":15}},"loc":{"start":{"line":24,"column":28},"end":{"line":24,"column":77}},"line":24},"3":{"name":"(anonymous_3)","decl":{"start":{"line":27,"column":17},"end":{"line":27,"column":18}},"loc":{"start":{"line":27,"column":24},"end":{"line":34,"column":3}},"line":27},"4":{"name":"(anonymous_4)","decl":{"start":{"line":36,"column":12},"end":{"line":36,"column":13}},"loc":{"start":{"line":36,"column":18},"end":{"line":56,"column":3}},"line":36},"5":{"name":"(anonymous_5)","decl":{"start":{"line":120,"column":24},"end":{"line":120,"column":25}},"loc":{"start":{"line":120,"column":34},"end":{"line":126,"column":1}},"line":120},"6":{"name":"(anonymous_6)","decl":{"start":{"line":131,"column":23},"end":{"line":131,"column":24}},"loc":{"start":{"line":131,"column":29},"end":{"line":131,"column":42}},"line":131}},"branchMap":{"0":{"loc":{"start":{"line":29,"column":4},"end":{"line":32,"column":5}},"type":"if","locations":[{"start":{"line":29,"column":4},"end":{"line":32,"column":5}},{"start":{"line":29,"column":4},"end":{"line":32,"column":5}}],"line":29},"1":{"loc":{"start":{"line":37,"column":4},"end":{"line":41,"column":5}},"type":"if","locations":[{"start":{"line":37,"column":4},"end":{"line":41,"column":5}},{"start":{"line":37,"column":4},"end":{"line":41,"column":5}}],"line":37},"2":{"loc":{"start":{"line":42,"column":4},"end":{"line":50,"column":5}},"type":"if","locations":[{"start":{"line":42,"column":4},"end":{"line":50,"column":5}},{"start":{"line":42,"column":4},"end":{"line":50,"column":5}}],"line":42},"3":{"loc":{"start":{"line":43,"column":6},"end":{"line":49,"column":7}},"type":"if","locations":[{"start":{"line":43,"column":6},"end":{"line":49,"column":7}},{"start":{"line":43,"column":6},"end":{"line":49,"column":7}}],"line":43}},"s":{"0":1,"1":12,"2":12,"3":12,"4":6,"5":6,"6":6,"7":12,"8":2,"9":2,"10":1,"11":1,"12":1,"13":12,"14":6,"15":1,"16":6,"17":2,"18":1,"19":1,"20":1,"21":1,"22":12,"23":1,"24":4,"25":1,"26":1,"27":1},"f":{"0":12,"1":6,"2":6,"3":2,"4":6,"5":4,"6":1},"b":{"0":[1,1],"1":[1,5],"2":[2,4],"3":[1,1]},"_coverageSchema":"43e27e138ebf9cfc5966b082cf9a028302ed4184","hash":"a1f93a0e582093571dca9be4fc6d775226f7150c"}
,"/Users/vincentolagbemide/Documents/ReactProjects/main/epic-mail-react/src/redux/storeConfig.js": {"path":"/Users/vincentolagbemide/Documents/ReactProjects/main/epic-mail-react/src/redux/storeConfig.js","statementMap":{"0":{"start":{"line":7,"column":20},"end":{"line":7,"column":74}},"1":{"start":{"line":9,"column":20},"end":{"line":12,"column":1}}},"fnMap":{},"branchMap":{},"s":{"0":2,"1":2},"f":{},"b":{},"_coverageSchema":"43e27e138ebf9cfc5966b082cf9a028302ed4184","hash":"bb279f873729028472da96b5bc3e21b8a78663a6"}
,"/Users/vincentolagbemide/Documents/ReactProjects/main/epic-mail-react/src/redux/actions/SignUp/index.js": {"path":"/Users/vincentolagbemide/Documents/ReactProjects/main/epic-mail-react/src/redux/actions/SignUp/index.js","statementMap":{"0":{"start":{"line":3,"column":27},"end":{"line":3,"column":59}},"1":{"start":{"line":3,"column":34},"end":{"line":3,"column":58}},"2":{"start":{"line":4,"column":29},"end":{"line":4,"column":126}},"3":{"start":{"line":4,"column":36},"end":{"line":4,"column":125}},"4":{"start":{"line":5,"column":29},"end":{"line":5,"column":126}},"5":{"start":{"line":5,"column":38},"end":{"line":5,"column":125}},"6":{"start":{"line":6,"column":27},"end":{"line":6,"column":73}},"7":{"start":{"line":6,"column":39},"end":{"line":6,"column":72}},"8":{"start":{"line":7,"column":26},"end":{"line":7,"column":86}},"9":{"start":{"line":7,"column":33},"end":{"line":7,"column":85}},"10":{"start":{"line":8,"column":23},"end":{"line":8,"column":65}},"11":{"start":{"line":8,"column":35},"end":{"line":8,"column":64}},"12":{"start":{"line":10,"column":28},"end":{"line":27,"column":1}},"13":{"start":{"line":10,"column":53},"end":{"line":27,"column":1}},"14":{"start":{"line":12,"column":2},"end":{"line":12,"column":26}},"15":{"start":{"line":13,"column":2},"end":{"line":13,"column":25}},"16":{"start":{"line":14,"column":2},"end":{"line":26,"column":3}},"17":{"start":{"line":15,"column":19},"end":{"line":15,"column":106}},"18":{"start":{"line":16,"column":4},"end":{"line":16,"column":38}},"19":{"start":{"line":17,"column":4},"end":{"line":17,"column":36}},"20":{"start":{"line":18,"column":4},"end":{"line":18,"column":22}},"21":{"start":{"line":29,"column":23},"end":{"line":36,"column":1}},"22":{"start":{"line":29,"column":29},"end":{"line":36,"column":1}}},"fnMap":{"0":{"name":"(anonymous_0)","decl":{"start":{"line":3,"column":27},"end":{"line":3,"column":28}},"loc":{"start":{"line":3,"column":34},"end":{"line":3,"column":58}},"line":3},"1":{"name":"(anonymous_1)","decl":{"start":{"line":4,"column":29},"end":{"line":4,"column":30}},"loc":{"start":{"line":4,"column":36},"end":{"line":4,"column":125}},"line":4},"2":{"name":"(anonymous_2)","decl":{"start":{"line":5,"column":29},"end":{"line":5,"column":30}},"loc":{"start":{"line":5,"column":38},"end":{"line":5,"column":125}},"line":5},"3":{"name":"(anonymous_3)","decl":{"start":{"line":6,"column":27},"end":{"line":6,"column":28}},"loc":{"start":{"line":6,"column":39},"end":{"line":6,"column":72}},"line":6},"4":{"name":"(anonymous_4)","decl":{"start":{"line":7,"column":26},"end":{"line":7,"column":27}},"loc":{"start":{"line":7,"column":33},"end":{"line":7,"column":85}},"line":7},"5":{"name":"(anonymous_5)","decl":{"start":{"line":8,"column":23},"end":{"line":8,"column":24}},"loc":{"start":{"line":8,"column":35},"end":{"line":8,"column":64}},"line":8},"6":{"name":"(anonymous_6)","decl":{"start":{"line":10,"column":28},"end":{"line":10,"column":29}},"loc":{"start":{"line":10,"column":53},"end":{"line":27,"column":1}},"line":10},"7":{"name":"(anonymous_7)","decl":{"start":{"line":10,"column":53},"end":{"line":10,"column":54}},"loc":{"start":{"line":10,"column":73},"end":{"line":27,"column":1}},"line":10},"8":{"name":"(anonymous_8)","decl":{"start":{"line":29,"column":23},"end":{"line":29,"column":24}},"loc":{"start":{"line":29,"column":29},"end":{"line":36,"column":1}},"line":29},"9":{"name":"(anonymous_9)","decl":{"start":{"line":29,"column":29},"end":{"line":29,"column":30}},"loc":{"start":{"line":29,"column":43},"end":{"line":36,"column":1}},"line":29}},"branchMap":{},"s":{"0":2,"1":3,"2":2,"3":1,"4":2,"5":2,"6":2,"7":1,"8":2,"9":2,"10":2,"11":2,"12":2,"13":1,"14":1,"15":1,"16":1,"17":1,"18":1,"19":1,"20":1,"21":2,"22":1},"f":{"0":3,"1":1,"2":2,"3":1,"4":2,"5":2,"6":1,"7":1,"8":1,"9":1},"b":{},"_coverageSchema":"43e27e138ebf9cfc5966b082cf9a028302ed4184","hash":"d380ad270c9ff5ba028a5289b54703c42d66d255"}
,"/Users/vincentolagbemide/Documents/ReactProjects/main/epic-mail-react/src/redux/reducers/index.js": {"path":"/Users/vincentolagbemide/Documents/ReactProjects/main/epic-mail-react/src/redux/reducers/index.js","statementMap":{"0":{"start":{"line":5,"column":20},"end":{"line":7,"column":2}}},"fnMap":{},"branchMap":{},"s":{"0":2},"f":{},"b":{},"_coverageSchema":"43e27e138ebf9cfc5966b082cf9a028302ed4184","hash":"7569f5b3d48a654d472c7db98a2c7cc6534a994b"}
,"/Users/vincentolagbemide/Documents/ReactProjects/main/epic-mail-react/src/redux/reducers/SignUp/index.js": {"path":"/Users/vincentolagbemide/Documents/ReactProjects/main/epic-mail-react/src/redux/reducers/SignUp/index.js","statementMap":{"0":{"start":{"line":1,"column":21},"end":{"line":8,"column":1}},"1":{"start":{"line":10,"column":22},"end":{"line":51,"column":1}},"2":{"start":{"line":11,"column":2},"end":{"line":50,"column":3}},"3":{"start":{"line":13,"column":6},"end":{"line":16,"column":8}},"4":{"start":{"line":18,"column":6},"end":{"line":22,"column":8}},"5":{"start":{"line":24,"column":6},"end":{"line":28,"column":8}},"6":{"start":{"line":30,"column":6},"end":{"line":34,"column":8}},"7":{"start":{"line":36,"column":6},"end":{"line":40,"column":8}},"8":{"start":{"line":42,"column":6},"end":{"line":47,"column":8}},"9":{"start":{"line":49,"column":6},"end":{"line":49,"column":19}}},"fnMap":{"0":{"name":"(anonymous_0)","decl":{"start":{"line":10,"column":22},"end":{"line":10,"column":23}},"loc":{"start":{"line":10,"column":56},"end":{"line":51,"column":1}},"line":10}},"branchMap":{"0":{"loc":{"start":{"line":10,"column":23},"end":{"line":10,"column":43}},"type":"default-arg","locations":[{"start":{"line":10,"column":31},"end":{"line":10,"column":43}}],"line":10},"1":{"loc":{"start":{"line":11,"column":2},"end":{"line":50,"column":3}},"type":"switch","locations":[{"start":{"line":12,"column":4},"end":{"line":16,"column":8}},{"start":{"line":17,"column":4},"end":{"line":22,"column":8}},{"start":{"line":23,"column":4},"end":{"line":28,"column":8}},{"start":{"line":29,"column":4},"end":{"line":34,"column":8}},{"start":{"line":35,"column":4},"end":{"line":40,"column":8}},{"start":{"line":41,"column":4},"end":{"line":47,"column":8}},{"start":{"line":48,"column":4},"end":{"line":49,"column":19}}],"line":11}},"s":{"0":3,"1":3,"2":13,"3":1,"4":1,"5":1,"6":1,"7":1,"8":1,"9":7},"f":{"0":13},"b":{"0":[7],"1":[1,1,1,1,1,1,7]},"_coverageSchema":"43e27e138ebf9cfc5966b082cf9a028302ed4184","hash":"acad6fa0397fe586f5a29574c239a8d681e69aaa"}
}
