{"/Users/vincentolagbemide/Documents/ReactProjects/main/epic-mail-react/src/components/Button/index.jsx": {"path":"/Users/vincentolagbemide/Documents/ReactProjects/main/epic-mail-react/src/components/Button/index.jsx","statementMap":{"0":{"start":{"line":3,"column":15},"end":{"line":9,"column":1}},"1":{"start":{"line":4,"column":2},"end":{"line":8,"column":4}}},"fnMap":{"0":{"name":"(anonymous_0)","decl":{"start":{"line":3,"column":15},"end":{"line":3,"column":16}},"loc":{"start":{"line":3,"column":80},"end":{"line":9,"column":1}},"line":3}},"branchMap":{"0":{"loc":{"start":{"line":6,"column":10},"end":{"line":6,"column":26}},"type":"binary-expr","locations":[{"start":{"line":6,"column":10},"end":{"line":6,"column":18}},{"start":{"line":6,"column":22},"end":{"line":6,"column":26}}],"line":6}},"s":{"0":5,"1":20},"f":{"0":20},"b":{"0":[20,19]},"_coverageSchema":"43e27e138ebf9cfc5966b082cf9a028302ed4184","hash":"8ff01fc756ac9491f0758727d5a150f6e7215430"}
,"/Users/vincentolagbemide/Documents/ReactProjects/main/epic-mail-react/src/components/ComposeButton/index.jsx": {"path":"/Users/vincentolagbemide/Documents/ReactProjects/main/epic-mail-react/src/components/ComposeButton/index.jsx","statementMap":{"0":{"start":{"line":5,"column":22},"end":{"line":9,"column":1}},"1":{"start":{"line":6,"column":2},"end":{"line":8,"column":8}}},"fnMap":{"0":{"name":"(anonymous_0)","decl":{"start":{"line":5,"column":22},"end":{"line":5,"column":23}},"loc":{"start":{"line":6,"column":2},"end":{"line":8,"column":8}},"line":6}},"branchMap":{},"s":{"0":1,"1":1},"f":{"0":1},"b":{},"_coverageSchema":"43e27e138ebf9cfc5966b082cf9a028302ed4184","hash":"58734416fa0b2d5ac03acf11ffe5d4f48b281a0a"}
,"/Users/vincentolagbemide/Documents/ReactProjects/main/epic-mail-react/src/components/Input/index.jsx": {"path":"/Users/vincentolagbemide/Documents/ReactProjects/main/epic-mail-react/src/components/Input/index.jsx","statementMap":{"0":{"start":{"line":3,"column":14},"end":{"line":5,"column":3}},"1":{"start":{"line":4,"column":6},"end":{"line":4,"column":84}}},"fnMap":{"0":{"name":"(anonymous_0)","decl":{"start":{"line":3,"column":14},"end":{"line":3,"column":15}},"loc":{"start":{"line":4,"column":6},"end":{"line":4,"column":84}},"line":4}},"branchMap":{},"s":{"0":3,"1":85},"f":{"0":85},"b":{},"_coverageSchema":"43e27e138ebf9cfc5966b082cf9a028302ed4184","hash":"227fd457ec006c54c57e632f71bfb1058d9f490b"}
,"/Users/vincentolagbemide/Documents/ReactProjects/main/epic-mail-react/src/components/LeftNav/index.jsx": {"path":"/Users/vincentolagbemide/Documents/ReactProjects/main/epic-mail-react/src/components/LeftNav/index.jsx","statementMap":{"0":{"start":{"line":4,"column":16},"end":{"line":11,"column":1}},"1":{"start":{"line":5,"column":2},"end":{"line":10,"column":5}}},"fnMap":{"0":{"name":"(anonymous_0)","decl":{"start":{"line":4,"column":16},"end":{"line":4,"column":17}},"loc":{"start":{"line":5,"column":2},"end":{"line":10,"column":5}},"line":5}},"branchMap":{},"s":{"0":1,"1":1},"f":{"0":1},"b":{},"_coverageSchema":"43e27e138ebf9cfc5966b082cf9a028302ed4184","hash":"ecb9c8ef9dbaf44b7382ab1b7cfd3d076c43f86f"}
,"/Users/vincentolagbemide/Documents/ReactProjects/main/epic-mail-react/src/components/MailView/index.jsx": {"path":"/Users/vincentolagbemide/Documents/ReactProjects/main/epic-mail-react/src/components/MailView/index.jsx","statementMap":{"0":{"start":{"line":4,"column":17},"end":{"line":15,"column":1}},"1":{"start":{"line":5,"column":2},"end":{"line":14,"column":8}}},"fnMap":{"0":{"name":"(anonymous_0)","decl":{"start":{"line":4,"column":17},"end":{"line":4,"column":18}},"loc":{"start":{"line":5,"column":2},"end":{"line":14,"column":8}},"line":5}},"branchMap":{},"s":{"0":1,"1":1},"f":{"0":1},"b":{},"_coverageSchema":"43e27e138ebf9cfc5966b082cf9a028302ed4184","hash":"48c4a0ba9e6cd78f747c07542e79e108678459dc"}
,"/Users/vincentolagbemide/Documents/ReactProjects/main/epic-mail-react/src/components/MailViewMobile/index.jsx": {"path":"/Users/vincentolagbemide/Documents/ReactProjects/main/epic-mail-react/src/components/MailViewMobile/index.jsx","statementMap":{"0":{"start":{"line":4,"column":23},"end":{"line":24,"column":1}},"1":{"start":{"line":5,"column":4},"end":{"line":23,"column":10}}},"fnMap":{"0":{"name":"(anonymous_0)","decl":{"start":{"line":4,"column":23},"end":{"line":4,"column":24}},"loc":{"start":{"line":5,"column":4},"end":{"line":23,"column":10}},"line":5}},"branchMap":{},"s":{"0":1,"1":1},"f":{"0":1},"b":{},"_coverageSchema":"43e27e138ebf9cfc5966b082cf9a028302ed4184","hash":"d4d4f0da804bb1c9c6f57326fbc4029acfc1bb2e"}
,"/Users/vincentolagbemide/Documents/ReactProjects/main/epic-mail-react/src/components/header/header.js": {"path":"/Users/vincentolagbemide/Documents/ReactProjects/main/epic-mail-react/src/components/header/header.js","statementMap":{"0":{"start":{"line":4,"column":15},"end":{"line":12,"column":1}},"1":{"start":{"line":5,"column":2},"end":{"line":11,"column":11}}},"fnMap":{"0":{"name":"(anonymous_0)","decl":{"start":{"line":4,"column":15},"end":{"line":4,"column":16}},"loc":{"start":{"line":5,"column":2},"end":{"line":11,"column":11}},"line":5}},"branchMap":{},"s":{"0":1,"1":2},"f":{"0":2},"b":{},"_coverageSchema":"43e27e138ebf9cfc5966b082cf9a028302ed4184","hash":"57c37d9b0fa82c57c3974548b9ae3818bc5e6782"}
,"/Users/vincentolagbemide/Documents/ReactProjects/main/epic-mail-react/src/pages/SignIn/index.jsx": {"path":"/Users/vincentolagbemide/Documents/ReactProjects/main/epic-mail-react/src/pages/SignIn/index.jsx","statementMap":{"0":{"start":{"line":12,"column":15},"end":{"line":112,"column":1}},"1":{"start":{"line":15,"column":6},"end":{"line":15,"column":11}},"2":{"start":{"line":16,"column":30},"end":{"line":19,"column":4}},"3":{"start":{"line":20,"column":19},"end":{"line":23,"column":3}},"4":{"start":{"line":21,"column":4},"end":{"line":21,"column":16}},"5":{"start":{"line":22,"column":4},"end":{"line":22,"column":80}},"6":{"start":{"line":22,"column":28},"end":{"line":22,"column":77}},"7":{"start":{"line":25,"column":17},"end":{"line":35,"column":3}},"8":{"start":{"line":26,"column":4},"end":{"line":26,"column":23}},"9":{"start":{"line":34,"column":4},"end":{"line":34,"column":27}},"10":{"start":{"line":37,"column":2},"end":{"line":59,"column":27}},"11":{"start":{"line":38,"column":4},"end":{"line":44,"column":5}},"12":{"start":{"line":39,"column":6},"end":{"line":39,"column":41}},"13":{"start":{"line":40,"column":10},"end":{"line":44,"column":5}},"14":{"start":{"line":41,"column":6},"end":{"line":41,"column":90}},"15":{"start":{"line":60,"column":2},"end":{"line":111,"column":4}},"16":{"start":{"line":114,"column":24},"end":{"line":120,"column":2}},"17":{"start":{"line":114,"column":34},"end":{"line":120,"column":1}},"18":{"start":{"line":124,"column":23},"end":{"line":124,"column":42}},"19":{"start":{"line":124,"column":29},"end":{"line":124,"column":42}},"20":{"start":{"line":126,"column":31},"end":{"line":126,"column":37}}},"fnMap":{"0":{"name":"(anonymous_0)","decl":{"start":{"line":12,"column":15},"end":{"line":12,"column":16}},"loc":{"start":{"line":12,"column":26},"end":{"line":112,"column":1}},"line":12},"1":{"name":"(anonymous_1)","decl":{"start":{"line":20,"column":19},"end":{"line":20,"column":20}},"loc":{"start":{"line":20,"column":26},"end":{"line":23,"column":3}},"line":20},"2":{"name":"(anonymous_2)","decl":{"start":{"line":22,"column":14},"end":{"line":22,"column":15}},"loc":{"start":{"line":22,"column":28},"end":{"line":22,"column":77}},"line":22},"3":{"name":"(anonymous_3)","decl":{"start":{"line":25,"column":17},"end":{"line":25,"column":18}},"loc":{"start":{"line":25,"column":24},"end":{"line":35,"column":3}},"line":25},"4":{"name":"(anonymous_4)","decl":{"start":{"line":37,"column":12},"end":{"line":37,"column":13}},"loc":{"start":{"line":37,"column":18},"end":{"line":59,"column":3}},"line":37},"5":{"name":"(anonymous_5)","decl":{"start":{"line":114,"column":24},"end":{"line":114,"column":25}},"loc":{"start":{"line":114,"column":34},"end":{"line":120,"column":1}},"line":114},"6":{"name":"(anonymous_6)","decl":{"start":{"line":124,"column":23},"end":{"line":124,"column":24}},"loc":{"start":{"line":124,"column":29},"end":{"line":124,"column":42}},"line":124}},"branchMap":{"0":{"loc":{"start":{"line":38,"column":4},"end":{"line":44,"column":5}},"type":"if","locations":[{"start":{"line":38,"column":4},"end":{"line":44,"column":5}},{"start":{"line":38,"column":4},"end":{"line":44,"column":5}}],"line":38},"1":{"loc":{"start":{"line":39,"column":6},"end":{"line":39,"column":40}},"type":"binary-expr","locations":[{"start":{"line":39,"column":6},"end":{"line":39,"column":13}},{"start":{"line":39,"column":17},"end":{"line":39,"column":40}}],"line":39},"2":{"loc":{"start":{"line":40,"column":10},"end":{"line":44,"column":5}},"type":"if","locations":[{"start":{"line":40,"column":10},"end":{"line":44,"column":5}},{"start":{"line":40,"column":10},"end":{"line":44,"column":5}}],"line":40},"3":{"loc":{"start":{"line":40,"column":14},"end":{"line":40,"column":54}},"type":"binary-expr","locations":[{"start":{"line":40,"column":14},"end":{"line":40,"column":29}},{"start":{"line":40,"column":33},"end":{"line":40,"column":44}},{"start":{"line":40,"column":48},"end":{"line":40,"column":54}}],"line":40}},"s":{"0":1,"1":6,"2":6,"3":6,"4":1,"5":1,"6":1,"7":6,"8":1,"9":1,"10":6,"11":5,"12":5,"13":0,"14":0,"15":6,"16":1,"17":4,"18":1,"19":1,"20":1},"f":{"0":6,"1":1,"2":1,"3":1,"4":5,"5":4,"6":1},"b":{"0":[5,0],"1":[5,0],"2":[0,0],"3":[0,0,0]},"_coverageSchema":"43e27e138ebf9cfc5966b082cf9a028302ed4184","hash":"b5ccd09f100dc078a5e0d4bce3caf0b9195e19f7"}
,"/Users/vincentolagbemide/Documents/ReactProjects/main/epic-mail-react/src/pages/SignUp/index.jsx": {"path":"/Users/vincentolagbemide/Documents/ReactProjects/main/epic-mail-react/src/pages/SignUp/index.jsx","statementMap":{"0":{"start":{"line":11,"column":15},"end":{"line":119,"column":1}},"1":{"start":{"line":14,"column":6},"end":{"line":14,"column":11}},"2":{"start":{"line":15,"column":30},"end":{"line":22,"column":4}},"3":{"start":{"line":23,"column":19},"end":{"line":26,"column":3}},"4":{"start":{"line":24,"column":4},"end":{"line":24,"column":16}},"5":{"start":{"line":25,"column":4},"end":{"line":25,"column":80}},"6":{"start":{"line":25,"column":28},"end":{"line":25,"column":77}},"7":{"start":{"line":28,"column":17},"end":{"line":35,"column":3}},"8":{"start":{"line":29,"column":4},"end":{"line":29,"column":23}},"9":{"start":{"line":30,"column":4},"end":{"line":33,"column":5}},"10":{"start":{"line":31,"column":6},"end":{"line":31,"column":72}},"11":{"start":{"line":32,"column":6},"end":{"line":32,"column":13}},"12":{"start":{"line":34,"column":4},"end":{"line":34,"column":27}},"13":{"start":{"line":37,"column":2},"end":{"line":57,"column":27}},"14":{"start":{"line":38,"column":4},"end":{"line":42,"column":5}},"15":{"start":{"line":39,"column":6},"end":{"line":39,"column":97}},"16":{"start":{"line":43,"column":4},"end":{"line":51,"column":5}},"17":{"start":{"line":44,"column":6},"end":{"line":50,"column":7}},"18":{"start":{"line":45,"column":8},"end":{"line":47,"column":9}},"19":{"start":{"line":45,"column":21},"end":{"line":45,"column":22}},"20":{"start":{"line":46,"column":10},"end":{"line":46,"column":75}},"21":{"start":{"line":49,"column":8},"end":{"line":49,"column":62}},"22":{"start":{"line":58,"column":2},"end":{"line":118,"column":4}},"23":{"start":{"line":121,"column":24},"end":{"line":127,"column":2}},"24":{"start":{"line":121,"column":34},"end":{"line":127,"column":1}},"25":{"start":{"line":131,"column":23},"end":{"line":131,"column":42}},"26":{"start":{"line":131,"column":29},"end":{"line":131,"column":42}},"27":{"start":{"line":133,"column":31},"end":{"line":133,"column":37}}},"fnMap":{"0":{"name":"(anonymous_0)","decl":{"start":{"line":11,"column":15},"end":{"line":11,"column":16}},"loc":{"start":{"line":11,"column":26},"end":{"line":119,"column":1}},"line":11},"1":{"name":"(anonymous_1)","decl":{"start":{"line":23,"column":19},"end":{"line":23,"column":20}},"loc":{"start":{"line":23,"column":26},"end":{"line":26,"column":3}},"line":23},"2":{"name":"(anonymous_2)","decl":{"start":{"line":25,"column":14},"end":{"line":25,"column":15}},"loc":{"start":{"line":25,"column":28},"end":{"line":25,"column":77}},"line":25},"3":{"name":"(anonymous_3)","decl":{"start":{"line":28,"column":17},"end":{"line":28,"column":18}},"loc":{"start":{"line":28,"column":24},"end":{"line":35,"column":3}},"line":28},"4":{"name":"(anonymous_4)","decl":{"start":{"line":37,"column":12},"end":{"line":37,"column":13}},"loc":{"start":{"line":37,"column":18},"end":{"line":57,"column":3}},"line":37},"5":{"name":"(anonymous_5)","decl":{"start":{"line":121,"column":24},"end":{"line":121,"column":25}},"loc":{"start":{"line":121,"column":34},"end":{"line":127,"column":1}},"line":121},"6":{"name":"(anonymous_6)","decl":{"start":{"line":131,"column":23},"end":{"line":131,"column":24}},"loc":{"start":{"line":131,"column":29},"end":{"line":131,"column":42}},"line":131}},"branchMap":{"0":{"loc":{"start":{"line":30,"column":4},"end":{"line":33,"column":5}},"type":"if","locations":[{"start":{"line":30,"column":4},"end":{"line":33,"column":5}},{"start":{"line":30,"column":4},"end":{"line":33,"column":5}}],"line":30},"1":{"loc":{"start":{"line":38,"column":4},"end":{"line":42,"column":5}},"type":"if","locations":[{"start":{"line":38,"column":4},"end":{"line":42,"column":5}},{"start":{"line":38,"column":4},"end":{"line":42,"column":5}}],"line":38},"2":{"loc":{"start":{"line":43,"column":4},"end":{"line":51,"column":5}},"type":"if","locations":[{"start":{"line":43,"column":4},"end":{"line":51,"column":5}},{"start":{"line":43,"column":4},"end":{"line":51,"column":5}}],"line":43},"3":{"loc":{"start":{"line":44,"column":6},"end":{"line":50,"column":7}},"type":"if","locations":[{"start":{"line":44,"column":6},"end":{"line":50,"column":7}},{"start":{"line":44,"column":6},"end":{"line":50,"column":7}}],"line":44}},"s":{"0":1,"1":12,"2":12,"3":12,"4":6,"5":6,"6":6,"7":12,"8":2,"9":2,"10":1,"11":1,"12":1,"13":12,"14":6,"15":1,"16":6,"17":2,"18":1,"19":1,"20":1,"21":1,"22":12,"23":1,"24":4,"25":1,"26":1,"27":1},"f":{"0":12,"1":6,"2":6,"3":2,"4":6,"5":4,"6":1},"b":{"0":[1,1],"1":[1,5],"2":[2,4],"3":[1,1]},"_coverageSchema":"43e27e138ebf9cfc5966b082cf9a028302ed4184","hash":"b8cce2bb149e09f2f9ec79882664a5060378b310"}
,"/Users/vincentolagbemide/Documents/ReactProjects/main/epic-mail-react/src/redux/storeConfig.js": {"path":"/Users/vincentolagbemide/Documents/ReactProjects/main/epic-mail-react/src/redux/storeConfig.js","statementMap":{"0":{"start":{"line":7,"column":20},"end":{"line":7,"column":74}},"1":{"start":{"line":9,"column":20},"end":{"line":12,"column":1}}},"fnMap":{},"branchMap":{},"s":{"0":3,"1":3},"f":{},"b":{},"_coverageSchema":"43e27e138ebf9cfc5966b082cf9a028302ed4184","hash":"bb279f873729028472da96b5bc3e21b8a78663a6"}
,"/Users/vincentolagbemide/Documents/ReactProjects/main/epic-mail-react/src/redux/actions/Compose/index.js": {"path":"/Users/vincentolagbemide/Documents/ReactProjects/main/epic-mail-react/src/redux/actions/Compose/index.js","statementMap":{"0":{"start":{"line":3,"column":30},"end":{"line":3,"column":127}},"1":{"start":{"line":3,"column":37},"end":{"line":3,"column":126}},"2":{"start":{"line":4,"column":30},"end":{"line":4,"column":129}},"3":{"start":{"line":4,"column":42},"end":{"line":4,"column":128}},"4":{"start":{"line":5,"column":28},"end":{"line":5,"column":75}},"5":{"start":{"line":5,"column":40},"end":{"line":5,"column":74}},"6":{"start":{"line":7,"column":29},"end":{"line":20,"column":1}},"7":{"start":{"line":7,"column":46},"end":{"line":20,"column":1}},"8":{"start":{"line":8,"column":2},"end":{"line":8,"column":29}},"9":{"start":{"line":9,"column":2},"end":{"line":19,"column":3}},"10":{"start":{"line":10,"column":19},"end":{"line":10,"column":105}},"11":{"start":{"line":11,"column":4},"end":{"line":11,"column":37}}},"fnMap":{"0":{"name":"(anonymous_0)","decl":{"start":{"line":3,"column":30},"end":{"line":3,"column":31}},"loc":{"start":{"line":3,"column":37},"end":{"line":3,"column":126}},"line":3},"1":{"name":"(anonymous_1)","decl":{"start":{"line":4,"column":30},"end":{"line":4,"column":31}},"loc":{"start":{"line":4,"column":42},"end":{"line":4,"column":128}},"line":4},"2":{"name":"(anonymous_2)","decl":{"start":{"line":5,"column":28},"end":{"line":5,"column":29}},"loc":{"start":{"line":5,"column":40},"end":{"line":5,"column":74}},"line":5},"3":{"name":"(anonymous_3)","decl":{"start":{"line":7,"column":29},"end":{"line":7,"column":30}},"loc":{"start":{"line":7,"column":46},"end":{"line":20,"column":1}},"line":7},"4":{"name":"(anonymous_4)","decl":{"start":{"line":7,"column":46},"end":{"line":7,"column":47}},"loc":{"start":{"line":7,"column":66},"end":{"line":20,"column":1}},"line":7}},"branchMap":{},"s":{"0":1,"1":2,"2":1,"3":2,"4":1,"5":1,"6":1,"7":1,"8":1,"9":1,"10":1,"11":1},"f":{"0":2,"1":2,"2":1,"3":1,"4":1},"b":{},"_coverageSchema":"43e27e138ebf9cfc5966b082cf9a028302ed4184","hash":"467b3a0661f3fd7b68ee7cfd3770fdc7496109a1"}
,"/Users/vincentolagbemide/Documents/ReactProjects/main/epic-mail-react/src/redux/actions/Inbox/index.js": {"path":"/Users/vincentolagbemide/Documents/ReactProjects/main/epic-mail-react/src/redux/actions/Inbox/index.js","statementMap":{"0":{"start":{"line":3,"column":32},"end":{"line":3,"column":127}},"1":{"start":{"line":3,"column":39},"end":{"line":3,"column":126}},"2":{"start":{"line":4,"column":25},"end":{"line":4,"column":124}},"3":{"start":{"line":4,"column":38},"end":{"line":4,"column":123}},"4":{"start":{"line":5,"column":26},"end":{"line":5,"column":71}},"5":{"start":{"line":5,"column":38},"end":{"line":5,"column":70}},"6":{"start":{"line":7,"column":31},"end":{"line":20,"column":1}},"7":{"start":{"line":7,"column":55},"end":{"line":20,"column":1}},"8":{"start":{"line":8,"column":2},"end":{"line":8,"column":31}},"9":{"start":{"line":9,"column":2},"end":{"line":19,"column":3}},"10":{"start":{"line":10,"column":19},"end":{"line":10,"column":102}},"11":{"start":{"line":11,"column":4},"end":{"line":11,"column":32}}},"fnMap":{"0":{"name":"(anonymous_0)","decl":{"start":{"line":3,"column":32},"end":{"line":3,"column":33}},"loc":{"start":{"line":3,"column":39},"end":{"line":3,"column":126}},"line":3},"1":{"name":"(anonymous_1)","decl":{"start":{"line":4,"column":25},"end":{"line":4,"column":26}},"loc":{"start":{"line":4,"column":38},"end":{"line":4,"column":123}},"line":4},"2":{"name":"(anonymous_2)","decl":{"start":{"line":5,"column":26},"end":{"line":5,"column":27}},"loc":{"start":{"line":5,"column":38},"end":{"line":5,"column":70}},"line":5},"3":{"name":"(anonymous_3)","decl":{"start":{"line":7,"column":31},"end":{"line":7,"column":32}},"loc":{"start":{"line":7,"column":55},"end":{"line":20,"column":1}},"line":7},"4":{"name":"(anonymous_4)","decl":{"start":{"line":7,"column":55},"end":{"line":7,"column":56}},"loc":{"start":{"line":7,"column":75},"end":{"line":20,"column":1}},"line":7}},"branchMap":{},"s":{"0":1,"1":2,"2":1,"3":2,"4":1,"5":1,"6":1,"7":1,"8":1,"9":1,"10":1,"11":1},"f":{"0":2,"1":2,"2":1,"3":1,"4":1},"b":{},"_coverageSchema":"43e27e138ebf9cfc5966b082cf9a028302ed4184","hash":"aa73dd42f9b362679b44d0f8f8d3570b7b564d65"}
,"/Users/vincentolagbemide/Documents/ReactProjects/main/epic-mail-react/src/redux/actions/Sent/index.js": {"path":"/Users/vincentolagbemide/Documents/ReactProjects/main/epic-mail-react/src/redux/actions/Sent/index.js","statementMap":{"0":{"start":{"line":3,"column":31},"end":{"line":3,"column":125}},"1":{"start":{"line":3,"column":38},"end":{"line":3,"column":124}},"2":{"start":{"line":4,"column":24},"end":{"line":4,"column":122}},"3":{"start":{"line":4,"column":37},"end":{"line":4,"column":121}},"4":{"start":{"line":5,"column":25},"end":{"line":5,"column":69}},"5":{"start":{"line":5,"column":37},"end":{"line":5,"column":68}},"6":{"start":{"line":7,"column":30},"end":{"line":20,"column":1}},"7":{"start":{"line":7,"column":53},"end":{"line":20,"column":1}},"8":{"start":{"line":8,"column":2},"end":{"line":8,"column":30}},"9":{"start":{"line":9,"column":2},"end":{"line":19,"column":3}},"10":{"start":{"line":10,"column":19},"end":{"line":10,"column":106}},"11":{"start":{"line":11,"column":4},"end":{"line":11,"column":31}}},"fnMap":{"0":{"name":"(anonymous_0)","decl":{"start":{"line":3,"column":31},"end":{"line":3,"column":32}},"loc":{"start":{"line":3,"column":38},"end":{"line":3,"column":124}},"line":3},"1":{"name":"(anonymous_1)","decl":{"start":{"line":4,"column":24},"end":{"line":4,"column":25}},"loc":{"start":{"line":4,"column":37},"end":{"line":4,"column":121}},"line":4},"2":{"name":"(anonymous_2)","decl":{"start":{"line":5,"column":25},"end":{"line":5,"column":26}},"loc":{"start":{"line":5,"column":37},"end":{"line":5,"column":68}},"line":5},"3":{"name":"(anonymous_3)","decl":{"start":{"line":7,"column":30},"end":{"line":7,"column":31}},"loc":{"start":{"line":7,"column":53},"end":{"line":20,"column":1}},"line":7},"4":{"name":"(anonymous_4)","decl":{"start":{"line":7,"column":53},"end":{"line":7,"column":54}},"loc":{"start":{"line":7,"column":73},"end":{"line":20,"column":1}},"line":7}},"branchMap":{},"s":{"0":1,"1":2,"2":1,"3":2,"4":1,"5":1,"6":1,"7":1,"8":1,"9":1,"10":1,"11":1},"f":{"0":2,"1":2,"2":1,"3":1,"4":1},"b":{},"_coverageSchema":"43e27e138ebf9cfc5966b082cf9a028302ed4184","hash":"0199e4fd57b1435366d3f373eabb25d2896afe84"}
,"/Users/vincentolagbemide/Documents/ReactProjects/main/epic-mail-react/src/redux/actions/SignIn/index.js": {"path":"/Users/vincentolagbemide/Documents/ReactProjects/main/epic-mail-react/src/redux/actions/SignIn/index.js","statementMap":{"0":{"start":{"line":3,"column":27},"end":{"line":3,"column":59}},"1":{"start":{"line":3,"column":34},"end":{"line":3,"column":58}},"2":{"start":{"line":4,"column":29},"end":{"line":4,"column":126}},"3":{"start":{"line":4,"column":36},"end":{"line":4,"column":125}},"4":{"start":{"line":5,"column":29},"end":{"line":5,"column":126}},"5":{"start":{"line":5,"column":38},"end":{"line":5,"column":125}},"6":{"start":{"line":6,"column":27},"end":{"line":6,"column":73}},"7":{"start":{"line":6,"column":39},"end":{"line":6,"column":72}},"8":{"start":{"line":7,"column":26},"end":{"line":7,"column":86}},"9":{"start":{"line":7,"column":33},"end":{"line":7,"column":85}},"10":{"start":{"line":8,"column":31},"end":{"line":8,"column":80}},"11":{"start":{"line":8,"column":43},"end":{"line":8,"column":79}},"12":{"start":{"line":10,"column":28},"end":{"line":24,"column":1}},"13":{"start":{"line":10,"column":53},"end":{"line":24,"column":1}},"14":{"start":{"line":11,"column":2},"end":{"line":11,"column":28}},"15":{"start":{"line":12,"column":2},"end":{"line":23,"column":3}},"16":{"start":{"line":13,"column":19},"end":{"line":13,"column":106}},"17":{"start":{"line":14,"column":4},"end":{"line":14,"column":33}},"18":{"start":{"line":15,"column":4},"end":{"line":15,"column":36}},"19":{"start":{"line":26,"column":23},"end":{"line":33,"column":1}},"20":{"start":{"line":26,"column":29},"end":{"line":33,"column":1}}},"fnMap":{"0":{"name":"(anonymous_0)","decl":{"start":{"line":3,"column":27},"end":{"line":3,"column":28}},"loc":{"start":{"line":3,"column":34},"end":{"line":3,"column":58}},"line":3},"1":{"name":"(anonymous_1)","decl":{"start":{"line":4,"column":29},"end":{"line":4,"column":30}},"loc":{"start":{"line":4,"column":36},"end":{"line":4,"column":125}},"line":4},"2":{"name":"(anonymous_2)","decl":{"start":{"line":5,"column":29},"end":{"line":5,"column":30}},"loc":{"start":{"line":5,"column":38},"end":{"line":5,"column":125}},"line":5},"3":{"name":"(anonymous_3)","decl":{"start":{"line":6,"column":27},"end":{"line":6,"column":28}},"loc":{"start":{"line":6,"column":39},"end":{"line":6,"column":72}},"line":6},"4":{"name":"(anonymous_4)","decl":{"start":{"line":7,"column":26},"end":{"line":7,"column":27}},"loc":{"start":{"line":7,"column":33},"end":{"line":7,"column":85}},"line":7},"5":{"name":"(anonymous_5)","decl":{"start":{"line":8,"column":31},"end":{"line":8,"column":32}},"loc":{"start":{"line":8,"column":43},"end":{"line":8,"column":79}},"line":8},"6":{"name":"(anonymous_6)","decl":{"start":{"line":10,"column":28},"end":{"line":10,"column":29}},"loc":{"start":{"line":10,"column":53},"end":{"line":24,"column":1}},"line":10},"7":{"name":"(anonymous_7)","decl":{"start":{"line":10,"column":53},"end":{"line":10,"column":54}},"loc":{"start":{"line":10,"column":73},"end":{"line":24,"column":1}},"line":10},"8":{"name":"(anonymous_8)","decl":{"start":{"line":26,"column":23},"end":{"line":26,"column":24}},"loc":{"start":{"line":26,"column":29},"end":{"line":33,"column":1}},"line":26},"9":{"name":"(anonymous_9)","decl":{"start":{"line":26,"column":29},"end":{"line":26,"column":30}},"loc":{"start":{"line":26,"column":43},"end":{"line":33,"column":1}},"line":26}},"branchMap":{},"s":{"0":2,"1":2,"2":2,"3":2,"4":2,"5":2,"6":2,"7":1,"8":2,"9":1,"10":2,"11":2,"12":2,"13":1,"14":1,"15":1,"16":1,"17":1,"18":1,"19":2,"20":1},"f":{"0":2,"1":2,"2":2,"3":1,"4":1,"5":2,"6":1,"7":1,"8":1,"9":1},"b":{},"_coverageSchema":"43e27e138ebf9cfc5966b082cf9a028302ed4184","hash":"4902230f24121d2ddfad6cb4917d902a12ed4515"}
,"/Users/vincentolagbemide/Documents/ReactProjects/main/epic-mail-react/src/redux/actions/SignUp/index.js": {"path":"/Users/vincentolagbemide/Documents/ReactProjects/main/epic-mail-react/src/redux/actions/SignUp/index.js","statementMap":{"0":{"start":{"line":3,"column":27},"end":{"line":3,"column":59}},"1":{"start":{"line":3,"column":34},"end":{"line":3,"column":58}},"2":{"start":{"line":4,"column":29},"end":{"line":4,"column":126}},"3":{"start":{"line":4,"column":36},"end":{"line":4,"column":125}},"4":{"start":{"line":5,"column":29},"end":{"line":5,"column":126}},"5":{"start":{"line":5,"column":38},"end":{"line":5,"column":125}},"6":{"start":{"line":6,"column":27},"end":{"line":6,"column":73}},"7":{"start":{"line":6,"column":39},"end":{"line":6,"column":72}},"8":{"start":{"line":7,"column":26},"end":{"line":7,"column":86}},"9":{"start":{"line":7,"column":33},"end":{"line":7,"column":85}},"10":{"start":{"line":8,"column":23},"end":{"line":8,"column":65}},"11":{"start":{"line":8,"column":35},"end":{"line":8,"column":64}},"12":{"start":{"line":10,"column":28},"end":{"line":26,"column":1}},"13":{"start":{"line":10,"column":53},"end":{"line":26,"column":1}},"14":{"start":{"line":12,"column":2},"end":{"line":12,"column":26}},"15":{"start":{"line":14,"column":2},"end":{"line":25,"column":3}},"16":{"start":{"line":15,"column":19},"end":{"line":15,"column":107}},"17":{"start":{"line":16,"column":4},"end":{"line":16,"column":38}},"18":{"start":{"line":17,"column":4},"end":{"line":17,"column":36}},"19":{"start":{"line":28,"column":23},"end":{"line":35,"column":1}},"20":{"start":{"line":28,"column":29},"end":{"line":35,"column":1}}},"fnMap":{"0":{"name":"(anonymous_0)","decl":{"start":{"line":3,"column":27},"end":{"line":3,"column":28}},"loc":{"start":{"line":3,"column":34},"end":{"line":3,"column":58}},"line":3},"1":{"name":"(anonymous_1)","decl":{"start":{"line":4,"column":29},"end":{"line":4,"column":30}},"loc":{"start":{"line":4,"column":36},"end":{"line":4,"column":125}},"line":4},"2":{"name":"(anonymous_2)","decl":{"start":{"line":5,"column":29},"end":{"line":5,"column":30}},"loc":{"start":{"line":5,"column":38},"end":{"line":5,"column":125}},"line":5},"3":{"name":"(anonymous_3)","decl":{"start":{"line":6,"column":27},"end":{"line":6,"column":28}},"loc":{"start":{"line":6,"column":39},"end":{"line":6,"column":72}},"line":6},"4":{"name":"(anonymous_4)","decl":{"start":{"line":7,"column":26},"end":{"line":7,"column":27}},"loc":{"start":{"line":7,"column":33},"end":{"line":7,"column":85}},"line":7},"5":{"name":"(anonymous_5)","decl":{"start":{"line":8,"column":23},"end":{"line":8,"column":24}},"loc":{"start":{"line":8,"column":35},"end":{"line":8,"column":64}},"line":8},"6":{"name":"(anonymous_6)","decl":{"start":{"line":10,"column":28},"end":{"line":10,"column":29}},"loc":{"start":{"line":10,"column":53},"end":{"line":26,"column":1}},"line":10},"7":{"name":"(anonymous_7)","decl":{"start":{"line":10,"column":53},"end":{"line":10,"column":54}},"loc":{"start":{"line":10,"column":73},"end":{"line":26,"column":1}},"line":10},"8":{"name":"(anonymous_8)","decl":{"start":{"line":28,"column":23},"end":{"line":28,"column":24}},"loc":{"start":{"line":28,"column":29},"end":{"line":35,"column":1}},"line":28},"9":{"name":"(anonymous_9)","decl":{"start":{"line":28,"column":29},"end":{"line":28,"column":30}},"loc":{"start":{"line":28,"column":43},"end":{"line":35,"column":1}},"line":28}},"branchMap":{},"s":{"0":2,"1":3,"2":2,"3":1,"4":2,"5":2,"6":2,"7":1,"8":2,"9":1,"10":2,"11":2,"12":2,"13":1,"14":1,"15":1,"16":1,"17":1,"18":1,"19":2,"20":1},"f":{"0":3,"1":1,"2":2,"3":1,"4":1,"5":2,"6":1,"7":1,"8":1,"9":1},"b":{},"_coverageSchema":"43e27e138ebf9cfc5966b082cf9a028302ed4184","hash":"78b093b843d251f3dce8d1acef3ab146ff5cd6d2"}
,"/Users/vincentolagbemide/Documents/ReactProjects/main/epic-mail-react/src/redux/actions/Trash/index.js": {"path":"/Users/vincentolagbemide/Documents/ReactProjects/main/epic-mail-react/src/redux/actions/Trash/index.js","statementMap":{"0":{"start":{"line":3,"column":32},"end":{"line":3,"column":127}},"1":{"start":{"line":3,"column":39},"end":{"line":3,"column":126}},"2":{"start":{"line":4,"column":25},"end":{"line":4,"column":124}},"3":{"start":{"line":4,"column":38},"end":{"line":4,"column":123}},"4":{"start":{"line":5,"column":26},"end":{"line":5,"column":71}},"5":{"start":{"line":5,"column":38},"end":{"line":5,"column":70}},"6":{"start":{"line":7,"column":31},"end":{"line":20,"column":1}},"7":{"start":{"line":7,"column":54},"end":{"line":20,"column":1}},"8":{"start":{"line":8,"column":2},"end":{"line":8,"column":31}},"9":{"start":{"line":9,"column":2},"end":{"line":19,"column":3}},"10":{"start":{"line":10,"column":19},"end":{"line":10,"column":101}},"11":{"start":{"line":11,"column":4},"end":{"line":11,"column":32}}},"fnMap":{"0":{"name":"(anonymous_0)","decl":{"start":{"line":3,"column":32},"end":{"line":3,"column":33}},"loc":{"start":{"line":3,"column":39},"end":{"line":3,"column":126}},"line":3},"1":{"name":"(anonymous_1)","decl":{"start":{"line":4,"column":25},"end":{"line":4,"column":26}},"loc":{"start":{"line":4,"column":38},"end":{"line":4,"column":123}},"line":4},"2":{"name":"(anonymous_2)","decl":{"start":{"line":5,"column":26},"end":{"line":5,"column":27}},"loc":{"start":{"line":5,"column":38},"end":{"line":5,"column":70}},"line":5},"3":{"name":"(anonymous_3)","decl":{"start":{"line":7,"column":31},"end":{"line":7,"column":32}},"loc":{"start":{"line":7,"column":54},"end":{"line":20,"column":1}},"line":7},"4":{"name":"(anonymous_4)","decl":{"start":{"line":7,"column":54},"end":{"line":7,"column":55}},"loc":{"start":{"line":7,"column":74},"end":{"line":20,"column":1}},"line":7}},"branchMap":{},"s":{"0":1,"1":2,"2":1,"3":2,"4":1,"5":1,"6":1,"7":1,"8":1,"9":1,"10":1,"11":1},"f":{"0":2,"1":2,"2":1,"3":1,"4":1},"b":{},"_coverageSchema":"43e27e138ebf9cfc5966b082cf9a028302ed4184","hash":"78826a1c57e48875b89acf58765d28b959144393"}
,"/Users/vincentolagbemide/Documents/ReactProjects/main/epic-mail-react/src/redux/actions/deleteMessage/index.js": {"path":"/Users/vincentolagbemide/Documents/ReactProjects/main/epic-mail-react/src/redux/actions/deleteMessage/index.js","statementMap":{"0":{"start":{"line":3,"column":36},"end":{"line":3,"column":140}},"1":{"start":{"line":3,"column":43},"end":{"line":3,"column":139}},"2":{"start":{"line":4,"column":36},"end":{"line":4,"column":142}},"3":{"start":{"line":4,"column":48},"end":{"line":4,"column":141}},"4":{"start":{"line":5,"column":34},"end":{"line":5,"column":88}},"5":{"start":{"line":5,"column":46},"end":{"line":5,"column":87}},"6":{"start":{"line":7,"column":35},"end":{"line":19,"column":1}},"7":{"start":{"line":7,"column":41},"end":{"line":19,"column":1}},"8":{"start":{"line":8,"column":2},"end":{"line":8,"column":35}},"9":{"start":{"line":9,"column":2},"end":{"line":18,"column":3}},"10":{"start":{"line":10,"column":19},"end":{"line":10,"column":91}},"11":{"start":{"line":11,"column":4},"end":{"line":11,"column":43}},"12":{"start":{"line":12,"column":4},"end":{"line":12,"column":38}}},"fnMap":{"0":{"name":"(anonymous_0)","decl":{"start":{"line":3,"column":36},"end":{"line":3,"column":37}},"loc":{"start":{"line":3,"column":43},"end":{"line":3,"column":139}},"line":3},"1":{"name":"(anonymous_1)","decl":{"start":{"line":4,"column":36},"end":{"line":4,"column":37}},"loc":{"start":{"line":4,"column":48},"end":{"line":4,"column":141}},"line":4},"2":{"name":"(anonymous_2)","decl":{"start":{"line":5,"column":34},"end":{"line":5,"column":35}},"loc":{"start":{"line":5,"column":46},"end":{"line":5,"column":87}},"line":5},"3":{"name":"(anonymous_3)","decl":{"start":{"line":7,"column":35},"end":{"line":7,"column":36}},"loc":{"start":{"line":7,"column":41},"end":{"line":19,"column":1}},"line":7},"4":{"name":"(anonymous_4)","decl":{"start":{"line":7,"column":41},"end":{"line":7,"column":42}},"loc":{"start":{"line":7,"column":61},"end":{"line":19,"column":1}},"line":7}},"branchMap":{},"s":{"0":1,"1":2,"2":1,"3":2,"4":1,"5":1,"6":1,"7":1,"8":1,"9":1,"10":1,"11":1,"12":1},"f":{"0":2,"1":2,"2":1,"3":1,"4":1},"b":{},"_coverageSchema":"43e27e138ebf9cfc5966b082cf9a028302ed4184","hash":"eb34b0f1e7c8cac994c497cf871bcd76bef94492"}
,"/Users/vincentolagbemide/Documents/ReactProjects/main/epic-mail-react/src/redux/actions/getMessage/index.js": {"path":"/Users/vincentolagbemide/Documents/ReactProjects/main/epic-mail-react/src/redux/actions/getMessage/index.js","statementMap":{"0":{"start":{"line":3,"column":33},"end":{"line":3,"column":134}},"1":{"start":{"line":3,"column":40},"end":{"line":3,"column":133}},"2":{"start":{"line":4,"column":33},"end":{"line":4,"column":136}},"3":{"start":{"line":4,"column":45},"end":{"line":4,"column":135}},"4":{"start":{"line":5,"column":31},"end":{"line":5,"column":82}},"5":{"start":{"line":5,"column":43},"end":{"line":5,"column":81}},"6":{"start":{"line":7,"column":32},"end":{"line":18,"column":1}},"7":{"start":{"line":7,"column":38},"end":{"line":18,"column":1}},"8":{"start":{"line":8,"column":2},"end":{"line":8,"column":32}},"9":{"start":{"line":9,"column":2},"end":{"line":17,"column":3}},"10":{"start":{"line":10,"column":19},"end":{"line":10,"column":88}},"11":{"start":{"line":11,"column":4},"end":{"line":11,"column":40}}},"fnMap":{"0":{"name":"(anonymous_0)","decl":{"start":{"line":3,"column":33},"end":{"line":3,"column":34}},"loc":{"start":{"line":3,"column":40},"end":{"line":3,"column":133}},"line":3},"1":{"name":"(anonymous_1)","decl":{"start":{"line":4,"column":33},"end":{"line":4,"column":34}},"loc":{"start":{"line":4,"column":45},"end":{"line":4,"column":135}},"line":4},"2":{"name":"(anonymous_2)","decl":{"start":{"line":5,"column":31},"end":{"line":5,"column":32}},"loc":{"start":{"line":5,"column":43},"end":{"line":5,"column":81}},"line":5},"3":{"name":"(anonymous_3)","decl":{"start":{"line":7,"column":32},"end":{"line":7,"column":33}},"loc":{"start":{"line":7,"column":38},"end":{"line":18,"column":1}},"line":7},"4":{"name":"(anonymous_4)","decl":{"start":{"line":7,"column":38},"end":{"line":7,"column":39}},"loc":{"start":{"line":7,"column":58},"end":{"line":18,"column":1}},"line":7}},"branchMap":{},"s":{"0":1,"1":2,"2":1,"3":2,"4":1,"5":1,"6":1,"7":1,"8":1,"9":1,"10":1,"11":1},"f":{"0":2,"1":2,"2":1,"3":1,"4":1},"b":{},"_coverageSchema":"43e27e138ebf9cfc5966b082cf9a028302ed4184","hash":"100de4e463728b70cb0645e6a9f835e8b2857c2f"}
,"/Users/vincentolagbemide/Documents/ReactProjects/main/epic-mail-react/src/redux/reducers/index.js": {"path":"/Users/vincentolagbemide/Documents/ReactProjects/main/epic-mail-react/src/redux/reducers/index.js","statementMap":{"0":{"start":{"line":12,"column":20},"end":{"line":21,"column":2}}},"fnMap":{},"branchMap":{},"s":{"0":3},"f":{},"b":{},"_coverageSchema":"43e27e138ebf9cfc5966b082cf9a028302ed4184","hash":"866ff92942ea5677ad754178a735c1a9f1099d2c"}
,"/Users/vincentolagbemide/Documents/ReactProjects/main/epic-mail-react/src/redux/reducers/Compose/index.js": {"path":"/Users/vincentolagbemide/Documents/ReactProjects/main/epic-mail-react/src/redux/reducers/Compose/index.js","statementMap":{"0":{"start":{"line":1,"column":21},"end":{"line":7,"column":1}},"1":{"start":{"line":9,"column":23},"end":{"line":31,"column":1}},"2":{"start":{"line":10,"column":2},"end":{"line":30,"column":3}},"3":{"start":{"line":12,"column":6},"end":{"line":15,"column":8}},"4":{"start":{"line":17,"column":6},"end":{"line":21,"column":8}},"5":{"start":{"line":23,"column":6},"end":{"line":27,"column":8}},"6":{"start":{"line":29,"column":6},"end":{"line":29,"column":19}}},"fnMap":{"0":{"name":"(anonymous_0)","decl":{"start":{"line":9,"column":23},"end":{"line":9,"column":24}},"loc":{"start":{"line":9,"column":57},"end":{"line":31,"column":1}},"line":9}},"branchMap":{"0":{"loc":{"start":{"line":9,"column":24},"end":{"line":9,"column":44}},"type":"default-arg","locations":[{"start":{"line":9,"column":32},"end":{"line":9,"column":44}}],"line":9},"1":{"loc":{"start":{"line":10,"column":2},"end":{"line":30,"column":3}},"type":"switch","locations":[{"start":{"line":11,"column":4},"end":{"line":15,"column":8}},{"start":{"line":16,"column":4},"end":{"line":21,"column":8}},{"start":{"line":22,"column":4},"end":{"line":27,"column":8}},{"start":{"line":28,"column":4},"end":{"line":29,"column":19}}],"line":10}},"s":{"0":4,"1":4,"2":13,"3":1,"4":1,"5":1,"6":10},"f":{"0":13},"b":{"0":[10],"1":[1,1,1,10]},"_coverageSchema":"43e27e138ebf9cfc5966b082cf9a028302ed4184","hash":"cfe69c6631a9cc568ecfdd981e44a7c2148b16af"}
,"/Users/vincentolagbemide/Documents/ReactProjects/main/epic-mail-react/src/redux/reducers/Inbox/index.js": {"path":"/Users/vincentolagbemide/Documents/ReactProjects/main/epic-mail-react/src/redux/reducers/Inbox/index.js","statementMap":{"0":{"start":{"line":1,"column":21},"end":{"line":7,"column":1}},"1":{"start":{"line":9,"column":21},"end":{"line":31,"column":1}},"2":{"start":{"line":10,"column":2},"end":{"line":30,"column":3}},"3":{"start":{"line":12,"column":6},"end":{"line":15,"column":8}},"4":{"start":{"line":17,"column":6},"end":{"line":21,"column":8}},"5":{"start":{"line":23,"column":6},"end":{"line":27,"column":8}},"6":{"start":{"line":29,"column":6},"end":{"line":29,"column":19}}},"fnMap":{"0":{"name":"(anonymous_0)","decl":{"start":{"line":9,"column":21},"end":{"line":9,"column":22}},"loc":{"start":{"line":9,"column":55},"end":{"line":31,"column":1}},"line":9}},"branchMap":{"0":{"loc":{"start":{"line":9,"column":22},"end":{"line":9,"column":42}},"type":"default-arg","locations":[{"start":{"line":9,"column":30},"end":{"line":9,"column":42}}],"line":9},"1":{"loc":{"start":{"line":10,"column":2},"end":{"line":30,"column":3}},"type":"switch","locations":[{"start":{"line":11,"column":4},"end":{"line":15,"column":8}},{"start":{"line":16,"column":4},"end":{"line":21,"column":8}},{"start":{"line":22,"column":4},"end":{"line":27,"column":8}},{"start":{"line":28,"column":4},"end":{"line":29,"column":19}}],"line":10}},"s":{"0":4,"1":4,"2":13,"3":1,"4":1,"5":1,"6":10},"f":{"0":13},"b":{"0":[10],"1":[1,1,1,10]},"_coverageSchema":"43e27e138ebf9cfc5966b082cf9a028302ed4184","hash":"3ade1da91186b2a067585da3fb518856769943fa"}
,"/Users/vincentolagbemide/Documents/ReactProjects/main/epic-mail-react/src/redux/reducers/Sent/index.js": {"path":"/Users/vincentolagbemide/Documents/ReactProjects/main/epic-mail-react/src/redux/reducers/Sent/index.js","statementMap":{"0":{"start":{"line":1,"column":21},"end":{"line":7,"column":1}},"1":{"start":{"line":9,"column":20},"end":{"line":31,"column":1}},"2":{"start":{"line":10,"column":2},"end":{"line":30,"column":3}},"3":{"start":{"line":12,"column":6},"end":{"line":15,"column":8}},"4":{"start":{"line":17,"column":6},"end":{"line":21,"column":8}},"5":{"start":{"line":23,"column":6},"end":{"line":27,"column":8}},"6":{"start":{"line":29,"column":6},"end":{"line":29,"column":19}}},"fnMap":{"0":{"name":"(anonymous_0)","decl":{"start":{"line":9,"column":20},"end":{"line":9,"column":21}},"loc":{"start":{"line":9,"column":54},"end":{"line":31,"column":1}},"line":9}},"branchMap":{"0":{"loc":{"start":{"line":9,"column":21},"end":{"line":9,"column":41}},"type":"default-arg","locations":[{"start":{"line":9,"column":29},"end":{"line":9,"column":41}}],"line":9},"1":{"loc":{"start":{"line":10,"column":2},"end":{"line":30,"column":3}},"type":"switch","locations":[{"start":{"line":11,"column":4},"end":{"line":15,"column":8}},{"start":{"line":16,"column":4},"end":{"line":21,"column":8}},{"start":{"line":22,"column":4},"end":{"line":27,"column":8}},{"start":{"line":28,"column":4},"end":{"line":29,"column":19}}],"line":10}},"s":{"0":4,"1":4,"2":13,"3":1,"4":1,"5":1,"6":10},"f":{"0":13},"b":{"0":[10],"1":[1,1,1,10]},"_coverageSchema":"43e27e138ebf9cfc5966b082cf9a028302ed4184","hash":"f1c8b58ee44c121234c59fcf72d143595901a8fd"}
,"/Users/vincentolagbemide/Documents/ReactProjects/main/epic-mail-react/src/redux/reducers/SignIn/index.js": {"path":"/Users/vincentolagbemide/Documents/ReactProjects/main/epic-mail-react/src/redux/reducers/SignIn/index.js","statementMap":{"0":{"start":{"line":1,"column":21},"end":{"line":8,"column":1}},"1":{"start":{"line":10,"column":22},"end":{"line":51,"column":1}},"2":{"start":{"line":11,"column":2},"end":{"line":50,"column":3}},"3":{"start":{"line":13,"column":6},"end":{"line":16,"column":8}},"4":{"start":{"line":18,"column":6},"end":{"line":22,"column":8}},"5":{"start":{"line":24,"column":6},"end":{"line":28,"column":8}},"6":{"start":{"line":30,"column":6},"end":{"line":34,"column":8}},"7":{"start":{"line":36,"column":6},"end":{"line":40,"column":8}},"8":{"start":{"line":42,"column":6},"end":{"line":47,"column":8}},"9":{"start":{"line":49,"column":6},"end":{"line":49,"column":19}}},"fnMap":{"0":{"name":"(anonymous_0)","decl":{"start":{"line":10,"column":22},"end":{"line":10,"column":23}},"loc":{"start":{"line":10,"column":56},"end":{"line":51,"column":1}},"line":10}},"branchMap":{"0":{"loc":{"start":{"line":10,"column":23},"end":{"line":10,"column":43}},"type":"default-arg","locations":[{"start":{"line":10,"column":31},"end":{"line":10,"column":43}}],"line":10},"1":{"loc":{"start":{"line":11,"column":2},"end":{"line":50,"column":3}},"type":"switch","locations":[{"start":{"line":12,"column":4},"end":{"line":16,"column":8}},{"start":{"line":17,"column":4},"end":{"line":22,"column":8}},{"start":{"line":23,"column":4},"end":{"line":28,"column":8}},{"start":{"line":29,"column":4},"end":{"line":34,"column":8}},{"start":{"line":35,"column":4},"end":{"line":40,"column":8}},{"start":{"line":41,"column":4},"end":{"line":47,"column":8}},{"start":{"line":48,"column":4},"end":{"line":49,"column":19}}],"line":11}},"s":{"0":4,"1":4,"2":16,"3":1,"4":1,"5":1,"6":1,"7":1,"8":1,"9":10},"f":{"0":16},"b":{"0":[10],"1":[1,1,1,1,1,1,10]},"_coverageSchema":"43e27e138ebf9cfc5966b082cf9a028302ed4184","hash":"c09ad311fd494f29ab485e4be9260e37f874afd2"}
,"/Users/vincentolagbemide/Documents/ReactProjects/main/epic-mail-react/src/redux/reducers/SignUp/index.js": {"path":"/Users/vincentolagbemide/Documents/ReactProjects/main/epic-mail-react/src/redux/reducers/SignUp/index.js","statementMap":{"0":{"start":{"line":1,"column":21},"end":{"line":8,"column":1}},"1":{"start":{"line":10,"column":22},"end":{"line":51,"column":1}},"2":{"start":{"line":11,"column":2},"end":{"line":50,"column":3}},"3":{"start":{"line":13,"column":6},"end":{"line":16,"column":8}},"4":{"start":{"line":18,"column":6},"end":{"line":22,"column":8}},"5":{"start":{"line":24,"column":6},"end":{"line":28,"column":8}},"6":{"start":{"line":30,"column":6},"end":{"line":34,"column":8}},"7":{"start":{"line":36,"column":6},"end":{"line":40,"column":8}},"8":{"start":{"line":42,"column":6},"end":{"line":47,"column":8}},"9":{"start":{"line":49,"column":6},"end":{"line":49,"column":19}}},"fnMap":{"0":{"name":"(anonymous_0)","decl":{"start":{"line":10,"column":22},"end":{"line":10,"column":23}},"loc":{"start":{"line":10,"column":56},"end":{"line":51,"column":1}},"line":10}},"branchMap":{"0":{"loc":{"start":{"line":10,"column":23},"end":{"line":10,"column":43}},"type":"default-arg","locations":[{"start":{"line":10,"column":31},"end":{"line":10,"column":43}}],"line":10},"1":{"loc":{"start":{"line":11,"column":2},"end":{"line":50,"column":3}},"type":"switch","locations":[{"start":{"line":12,"column":4},"end":{"line":16,"column":8}},{"start":{"line":17,"column":4},"end":{"line":22,"column":8}},{"start":{"line":23,"column":4},"end":{"line":28,"column":8}},{"start":{"line":29,"column":4},"end":{"line":34,"column":8}},{"start":{"line":35,"column":4},"end":{"line":40,"column":8}},{"start":{"line":41,"column":4},"end":{"line":47,"column":8}},{"start":{"line":48,"column":4},"end":{"line":49,"column":19}}],"line":11}},"s":{"0":4,"1":4,"2":16,"3":1,"4":1,"5":1,"6":1,"7":1,"8":1,"9":10},"f":{"0":16},"b":{"0":[10],"1":[1,1,1,1,1,1,10]},"_coverageSchema":"43e27e138ebf9cfc5966b082cf9a028302ed4184","hash":"acad6fa0397fe586f5a29574c239a8d681e69aaa"}
,"/Users/vincentolagbemide/Documents/ReactProjects/main/epic-mail-react/src/redux/reducers/Trash/index.js": {"path":"/Users/vincentolagbemide/Documents/ReactProjects/main/epic-mail-react/src/redux/reducers/Trash/index.js","statementMap":{"0":{"start":{"line":1,"column":21},"end":{"line":7,"column":1}},"1":{"start":{"line":9,"column":21},"end":{"line":31,"column":1}},"2":{"start":{"line":10,"column":2},"end":{"line":30,"column":3}},"3":{"start":{"line":12,"column":6},"end":{"line":15,"column":8}},"4":{"start":{"line":17,"column":6},"end":{"line":21,"column":8}},"5":{"start":{"line":23,"column":6},"end":{"line":27,"column":8}},"6":{"start":{"line":29,"column":6},"end":{"line":29,"column":19}}},"fnMap":{"0":{"name":"(anonymous_0)","decl":{"start":{"line":9,"column":21},"end":{"line":9,"column":22}},"loc":{"start":{"line":9,"column":55},"end":{"line":31,"column":1}},"line":9}},"branchMap":{"0":{"loc":{"start":{"line":9,"column":22},"end":{"line":9,"column":42}},"type":"default-arg","locations":[{"start":{"line":9,"column":30},"end":{"line":9,"column":42}}],"line":9},"1":{"loc":{"start":{"line":10,"column":2},"end":{"line":30,"column":3}},"type":"switch","locations":[{"start":{"line":11,"column":4},"end":{"line":15,"column":8}},{"start":{"line":16,"column":4},"end":{"line":21,"column":8}},{"start":{"line":22,"column":4},"end":{"line":27,"column":8}},{"start":{"line":28,"column":4},"end":{"line":29,"column":19}}],"line":10}},"s":{"0":4,"1":4,"2":13,"3":1,"4":1,"5":1,"6":10},"f":{"0":13},"b":{"0":[10],"1":[1,1,1,10]},"_coverageSchema":"43e27e138ebf9cfc5966b082cf9a028302ed4184","hash":"05e48c5682b75eb0400cfd4977913f9482a243ca"}
,"/Users/vincentolagbemide/Documents/ReactProjects/main/epic-mail-react/src/redux/reducers/deleteMessage/index.js": {"path":"/Users/vincentolagbemide/Documents/ReactProjects/main/epic-mail-react/src/redux/reducers/deleteMessage/index.js","statementMap":{"0":{"start":{"line":1,"column":21},"end":{"line":7,"column":1}},"1":{"start":{"line":9,"column":29},"end":{"line":31,"column":1}},"2":{"start":{"line":10,"column":2},"end":{"line":30,"column":3}},"3":{"start":{"line":12,"column":6},"end":{"line":15,"column":8}},"4":{"start":{"line":17,"column":6},"end":{"line":21,"column":8}},"5":{"start":{"line":23,"column":6},"end":{"line":27,"column":8}},"6":{"start":{"line":29,"column":6},"end":{"line":29,"column":19}}},"fnMap":{"0":{"name":"(anonymous_0)","decl":{"start":{"line":9,"column":29},"end":{"line":9,"column":30}},"loc":{"start":{"line":9,"column":63},"end":{"line":31,"column":1}},"line":9}},"branchMap":{"0":{"loc":{"start":{"line":9,"column":30},"end":{"line":9,"column":50}},"type":"default-arg","locations":[{"start":{"line":9,"column":38},"end":{"line":9,"column":50}}],"line":9},"1":{"loc":{"start":{"line":10,"column":2},"end":{"line":30,"column":3}},"type":"switch","locations":[{"start":{"line":11,"column":4},"end":{"line":15,"column":8}},{"start":{"line":16,"column":4},"end":{"line":21,"column":8}},{"start":{"line":22,"column":4},"end":{"line":27,"column":8}},{"start":{"line":28,"column":4},"end":{"line":29,"column":19}}],"line":10}},"s":{"0":4,"1":4,"2":13,"3":1,"4":1,"5":1,"6":10},"f":{"0":13},"b":{"0":[10],"1":[1,1,1,10]},"_coverageSchema":"43e27e138ebf9cfc5966b082cf9a028302ed4184","hash":"fb4b52582070f805c3e60ac1d330f93756feb898"}
,"/Users/vincentolagbemide/Documents/ReactProjects/main/epic-mail-react/src/redux/reducers/getMessage/index.js": {"path":"/Users/vincentolagbemide/Documents/ReactProjects/main/epic-mail-react/src/redux/reducers/getMessage/index.js","statementMap":{"0":{"start":{"line":1,"column":21},"end":{"line":7,"column":1}},"1":{"start":{"line":9,"column":26},"end":{"line":31,"column":1}},"2":{"start":{"line":10,"column":2},"end":{"line":30,"column":3}},"3":{"start":{"line":12,"column":6},"end":{"line":15,"column":8}},"4":{"start":{"line":17,"column":6},"end":{"line":21,"column":8}},"5":{"start":{"line":23,"column":6},"end":{"line":27,"column":8}},"6":{"start":{"line":29,"column":6},"end":{"line":29,"column":19}}},"fnMap":{"0":{"name":"(anonymous_0)","decl":{"start":{"line":9,"column":26},"end":{"line":9,"column":27}},"loc":{"start":{"line":9,"column":60},"end":{"line":31,"column":1}},"line":9}},"branchMap":{"0":{"loc":{"start":{"line":9,"column":27},"end":{"line":9,"column":47}},"type":"default-arg","locations":[{"start":{"line":9,"column":35},"end":{"line":9,"column":47}}],"line":9},"1":{"loc":{"start":{"line":10,"column":2},"end":{"line":30,"column":3}},"type":"switch","locations":[{"start":{"line":11,"column":4},"end":{"line":15,"column":8}},{"start":{"line":16,"column":4},"end":{"line":21,"column":8}},{"start":{"line":22,"column":4},"end":{"line":27,"column":8}},{"start":{"line":28,"column":4},"end":{"line":29,"column":19}}],"line":10}},"s":{"0":4,"1":4,"2":13,"3":1,"4":1,"5":1,"6":10},"f":{"0":13},"b":{"0":[10],"1":[1,1,1,10]},"_coverageSchema":"43e27e138ebf9cfc5966b082cf9a028302ed4184","hash":"fe59b8aa5555b6f5a39023f9b3adc7e039bd969c"}
}
