TN:
SF:/Users/vincentolagbemide/Documents/ReactProjects/main/epic-mail-react/src/components/Button/index.jsx
FN:3,(anonymous_0)
FNF:1
FNH:1
FNDA:14,(anonymous_0)
DA:3,2
DA:4,14
LF:2
LH:2
BRDA:6,0,0,13
BRDA:6,0,1,1
BRDA:6,1,0,13
BRDA:6,1,1,13
BRF:4
BRH:4
end_of_record
TN:
SF:/Users/vincentolagbemide/Documents/ReactProjects/main/epic-mail-react/src/components/Input/index.jsx
FN:3,(anonymous_0)
FNF:1
FNH:1
FNDA:73,(anonymous_0)
DA:3,2
DA:4,73
LF:2
LH:2
BRF:0
BRH:0
end_of_record
TN:
SF:/Users/vincentolagbemide/Documents/ReactProjects/main/epic-mail-react/src/components/header/header.js
FN:4,(anonymous_0)
FNF:1
FNH:1
FNDA:2,(anonymous_0)
DA:4,1
DA:5,2
LF:2
LH:2
BRF:0
BRH:0
end_of_record
TN:
SF:/Users/vincentolagbemide/Documents/ReactProjects/main/epic-mail-react/src/pages/SignUp/index.jsx
FN:10,(anonymous_0)
FN:22,(anonymous_1)
FN:24,(anonymous_2)
FN:27,(anonymous_3)
FN:36,(anonymous_4)
FN:120,(anonymous_5)
FN:131,(anonymous_6)
FNF:7
FNH:7
FNDA:12,(anonymous_0)
FNDA:6,(anonymous_1)
FNDA:6,(anonymous_2)
FNDA:2,(anonymous_3)
FNDA:6,(anonymous_4)
FNDA:4,(anonymous_5)
FNDA:1,(anonymous_6)
DA:10,1
DA:13,12
DA:14,12
DA:22,12
DA:23,6
DA:24,6
DA:27,12
DA:28,2
DA:29,2
DA:30,1
DA:31,1
DA:33,1
DA:36,12
DA:37,6
DA:38,1
DA:42,6
DA:43,2
DA:44,1
DA:45,1
DA:48,1
DA:57,12
DA:120,4
DA:131,1
DA:133,1
LF:24
LH:24
BRDA:29,0,0,1
BRDA:29,0,1,1
BRDA:37,1,0,1
BRDA:37,1,1,5
BRDA:42,2,0,2
BRDA:42,2,1,4
BRDA:43,3,0,1
BRDA:43,3,1,1
BRF:8
BRH:8
end_of_record
TN:
SF:/Users/vincentolagbemide/Documents/ReactProjects/main/epic-mail-react/src/redux/storeConfig.js
FNF:0
FNH:0
DA:7,2
DA:9,2
LF:2
LH:2
BRF:0
BRH:0
end_of_record
TN:
SF:/Users/vincentolagbemide/Documents/ReactProjects/main/epic-mail-react/src/redux/actions/SignUp/index.js
FN:3,(anonymous_0)
FN:4,(anonymous_1)
FN:5,(anonymous_2)
FN:6,(anonymous_3)
FN:7,(anonymous_4)
FN:8,(anonymous_5)
FN:10,(anonymous_6)
FN:10,(anonymous_7)
FN:29,(anonymous_8)
FN:29,(anonymous_9)
FNF:10
FNH:10
FNDA:3,(anonymous_0)
FNDA:1,(anonymous_1)
FNDA:2,(anonymous_2)
FNDA:1,(anonymous_3)
FNDA:2,(anonymous_4)
FNDA:2,(anonymous_5)
FNDA:1,(anonymous_6)
FNDA:1,(anonymous_7)
FNDA:1,(anonymous_8)
FNDA:1,(anonymous_9)
DA:3,3
DA:4,2
DA:5,2
DA:6,2
DA:7,2
DA:8,2
DA:10,2
DA:12,1
DA:13,1
DA:14,1
DA:15,1
DA:16,1
DA:17,1
DA:18,1
DA:29,2
LF:15
LH:15
BRF:0
BRH:0
end_of_record
TN:
SF:/Users/vincentolagbemide/Documents/ReactProjects/main/epic-mail-react/src/redux/reducers/index.js
FNF:0
FNH:0
DA:5,2
LF:1
LH:1
BRF:0
BRH:0
end_of_record
TN:
SF:/Users/vincentolagbemide/Documents/ReactProjects/main/epic-mail-react/src/redux/reducers/SignUp/index.js
FN:10,(anonymous_0)
FNF:1
FNH:1
FNDA:13,(anonymous_0)
DA:1,3
DA:10,3
DA:11,13
DA:13,1
DA:18,1
DA:24,1
DA:30,1
DA:36,1
DA:42,1
DA:49,7
LF:10
LH:10
BRDA:10,0,0,7
BRDA:11,1,0,1
BRDA:11,1,1,1
BRDA:11,1,2,1
BRDA:11,1,3,1
BRDA:11,1,4,1
BRDA:11,1,5,1
BRDA:11,1,6,7
BRF:8
BRH:8
end_of_record
