TN:
SF:/Users/vincentolagbemide/Documents/ReactProjects/main/epic-mail-react/src/components/Button/index.jsx
FN:3,(anonymous_0)
FNF:1
FNH:1
FNDA:20,(anonymous_0)
DA:3,5
DA:4,20
LF:2
LH:2
BRDA:6,0,0,19
BRDA:6,0,1,1
BRDA:6,1,0,19
BRDA:6,1,1,19
BRF:4
BRH:4
end_of_record
TN:
SF:/Users/vincentolagbemide/Documents/ReactProjects/main/epic-mail-react/src/components/ComposeButton/index.jsx
FN:5,(anonymous_0)
FNF:1
FNH:1
FNDA:1,(anonymous_0)
DA:5,1
DA:6,1
LF:2
LH:2
BRF:0
BRH:0
end_of_record
TN:
SF:/Users/vincentolagbemide/Documents/ReactProjects/main/epic-mail-react/src/components/Input/index.jsx
FN:3,(anonymous_0)
FNF:1
FNH:1
FNDA:85,(anonymous_0)
DA:3,3
DA:4,85
LF:2
LH:2
BRF:0
BRH:0
end_of_record
TN:
SF:/Users/vincentolagbemide/Documents/ReactProjects/main/epic-mail-react/src/components/LeftNav/index.jsx
FN:4,(anonymous_0)
FNF:1
FNH:1
FNDA:1,(anonymous_0)
DA:4,1
DA:5,1
LF:2
LH:2
BRF:0
BRH:0
end_of_record
TN:
SF:/Users/vincentolagbemide/Documents/ReactProjects/main/epic-mail-react/src/components/MailView/index.jsx
FN:4,(anonymous_0)
FNF:1
FNH:1
FNDA:1,(anonymous_0)
DA:4,1
DA:5,1
LF:2
LH:2
BRF:0
BRH:0
end_of_record
TN:
SF:/Users/vincentolagbemide/Documents/ReactProjects/main/epic-mail-react/src/components/MailViewMobile/index.jsx
FN:4,(anonymous_0)
FNF:1
FNH:1
FNDA:1,(anonymous_0)
DA:4,1
DA:5,1
LF:2
LH:2
BRF:0
BRH:0
end_of_record
TN:
SF:/Users/vincentolagbemide/Documents/ReactProjects/main/epic-mail-react/src/components/header/header.js
FN:4,(anonymous_0)
FNF:1
FNH:1
FNDA:2,(anonymous_0)
DA:4,1
DA:5,2
LF:2
LH:2
BRF:0
BRH:0
end_of_record
TN:
SF:/Users/vincentolagbemide/Documents/ReactProjects/main/epic-mail-react/src/pages/SignIn/index.jsx
FN:12,(anonymous_0)
FN:20,(anonymous_1)
FN:22,(anonymous_2)
FN:25,(anonymous_3)
FN:37,(anonymous_4)
FN:112,(anonymous_5)
FN:122,(anonymous_6)
FNF:7
FNH:7
FNDA:6,(anonymous_0)
FNDA:1,(anonymous_1)
FNDA:1,(anonymous_2)
FNDA:1,(anonymous_3)
FNDA:5,(anonymous_4)
FNDA:4,(anonymous_5)
FNDA:1,(anonymous_6)
DA:12,1
DA:15,6
DA:16,6
DA:20,6
DA:21,1
DA:22,1
DA:25,6
DA:26,1
DA:34,1
DA:37,6
DA:38,5
DA:39,1
DA:43,5
DA:44,2
DA:45,1
DA:46,1
DA:49,1
DA:58,6
DA:112,4
DA:122,1
DA:124,1
LF:21
LH:21
BRDA:38,0,0,1
BRDA:38,0,1,4
BRDA:43,1,0,2
BRDA:43,1,1,3
BRDA:44,2,0,1
BRDA:44,2,1,1
BRF:6
BRH:6
end_of_record
TN:
SF:/Users/vincentolagbemide/Documents/ReactProjects/main/epic-mail-react/src/pages/SignUp/index.jsx
FN:11,(anonymous_0)
FN:23,(anonymous_1)
FN:25,(anonymous_2)
FN:28,(anonymous_3)
FN:37,(anonymous_4)
FN:121,(anonymous_5)
FN:131,(anonymous_6)
FNF:7
FNH:7
FNDA:12,(anonymous_0)
FNDA:6,(anonymous_1)
FNDA:6,(anonymous_2)
FNDA:2,(anonymous_3)
FNDA:6,(anonymous_4)
FNDA:4,(anonymous_5)
FNDA:1,(anonymous_6)
DA:11,1
DA:14,12
DA:15,12
DA:23,12
DA:24,6
DA:25,6
DA:28,12
DA:29,2
DA:30,2
DA:31,1
DA:32,1
DA:34,1
DA:37,12
DA:38,6
DA:39,1
DA:43,6
DA:44,2
DA:45,1
DA:46,1
DA:49,1
DA:58,12
DA:121,4
DA:131,1
DA:133,1
LF:24
LH:24
BRDA:30,0,0,1
BRDA:30,0,1,1
BRDA:38,1,0,1
BRDA:38,1,1,5
BRDA:43,2,0,2
BRDA:43,2,1,4
BRDA:44,3,0,1
BRDA:44,3,1,1
BRF:8
BRH:8
end_of_record
TN:
SF:/Users/vincentolagbemide/Documents/ReactProjects/main/epic-mail-react/src/redux/storeConfig.js
FNF:0
FNH:0
DA:7,3
DA:9,3
LF:2
LH:2
BRF:0
BRH:0
end_of_record
TN:
SF:/Users/vincentolagbemide/Documents/ReactProjects/main/epic-mail-react/src/redux/actions/Compose/index.js
FN:3,(anonymous_0)
FN:4,(anonymous_1)
FN:5,(anonymous_2)
FN:7,(anonymous_3)
FN:7,(anonymous_4)
FNF:5
FNH:5
FNDA:2,(anonymous_0)
FNDA:2,(anonymous_1)
FNDA:1,(anonymous_2)
FNDA:1,(anonymous_3)
FNDA:1,(anonymous_4)
DA:3,2
DA:4,2
DA:5,1
DA:7,1
DA:8,1
DA:9,1
DA:10,1
DA:11,1
LF:8
LH:8
BRF:0
BRH:0
end_of_record
TN:
SF:/Users/vincentolagbemide/Documents/ReactProjects/main/epic-mail-react/src/redux/actions/Inbox/index.js
FN:3,(anonymous_0)
FN:4,(anonymous_1)
FN:5,(anonymous_2)
FN:7,(anonymous_3)
FN:7,(anonymous_4)
FNF:5
FNH:5
FNDA:2,(anonymous_0)
FNDA:2,(anonymous_1)
FNDA:1,(anonymous_2)
FNDA:1,(anonymous_3)
FNDA:1,(anonymous_4)
DA:3,2
DA:4,2
DA:5,1
DA:7,1
DA:8,1
DA:9,1
DA:10,1
DA:11,1
LF:8
LH:8
BRF:0
BRH:0
end_of_record
TN:
SF:/Users/vincentolagbemide/Documents/ReactProjects/main/epic-mail-react/src/redux/actions/Sent/index.js
FN:3,(anonymous_0)
FN:4,(anonymous_1)
FN:5,(anonymous_2)
FN:7,(anonymous_3)
FN:7,(anonymous_4)
FNF:5
FNH:5
FNDA:2,(anonymous_0)
FNDA:2,(anonymous_1)
FNDA:1,(anonymous_2)
FNDA:1,(anonymous_3)
FNDA:1,(anonymous_4)
DA:3,2
DA:4,2
DA:5,1
DA:7,1
DA:8,1
DA:9,1
DA:10,1
DA:11,1
LF:8
LH:8
BRF:0
BRH:0
end_of_record
TN:
SF:/Users/vincentolagbemide/Documents/ReactProjects/main/epic-mail-react/src/redux/actions/SignIn/index.js
FN:3,(anonymous_0)
FN:4,(anonymous_1)
FN:5,(anonymous_2)
FN:6,(anonymous_3)
FN:7,(anonymous_4)
FN:8,(anonymous_5)
FN:10,(anonymous_6)
FN:10,(anonymous_7)
FN:26,(anonymous_8)
FN:26,(anonymous_9)
FNF:10
FNH:10
FNDA:2,(anonymous_0)
FNDA:2,(anonymous_1)
FNDA:2,(anonymous_2)
FNDA:1,(anonymous_3)
FNDA:1,(anonymous_4)
FNDA:2,(anonymous_5)
FNDA:1,(anonymous_6)
FNDA:1,(anonymous_7)
FNDA:1,(anonymous_8)
FNDA:1,(anonymous_9)
DA:3,2
DA:4,2
DA:5,2
DA:6,2
DA:7,2
DA:8,2
DA:10,2
DA:11,1
DA:12,1
DA:13,1
DA:14,1
DA:15,1
DA:26,2
LF:13
LH:13
BRF:0
BRH:0
end_of_record
TN:
SF:/Users/vincentolagbemide/Documents/ReactProjects/main/epic-mail-react/src/redux/actions/SignUp/index.js
FN:3,(anonymous_0)
FN:4,(anonymous_1)
FN:5,(anonymous_2)
FN:6,(anonymous_3)
FN:7,(anonymous_4)
FN:8,(anonymous_5)
FN:10,(anonymous_6)
FN:10,(anonymous_7)
FN:28,(anonymous_8)
FN:28,(anonymous_9)
FNF:10
FNH:10
FNDA:3,(anonymous_0)
FNDA:1,(anonymous_1)
FNDA:2,(anonymous_2)
FNDA:1,(anonymous_3)
FNDA:1,(anonymous_4)
FNDA:2,(anonymous_5)
FNDA:1,(anonymous_6)
FNDA:1,(anonymous_7)
FNDA:1,(anonymous_8)
FNDA:1,(anonymous_9)
DA:3,3
DA:4,2
DA:5,2
DA:6,2
DA:7,2
DA:8,2
DA:10,2
DA:12,1
DA:14,1
DA:15,1
DA:16,1
DA:17,1
DA:28,2
LF:13
LH:13
BRF:0
BRH:0
end_of_record
TN:
SF:/Users/vincentolagbemide/Documents/ReactProjects/main/epic-mail-react/src/redux/actions/Trash/index.js
FN:3,(anonymous_0)
FN:4,(anonymous_1)
FN:5,(anonymous_2)
FN:7,(anonymous_3)
FN:7,(anonymous_4)
FNF:5
FNH:5
FNDA:2,(anonymous_0)
FNDA:2,(anonymous_1)
FNDA:1,(anonymous_2)
FNDA:1,(anonymous_3)
FNDA:1,(anonymous_4)
DA:3,2
DA:4,2
DA:5,1
DA:7,1
DA:8,1
DA:9,1
DA:10,1
DA:11,1
LF:8
LH:8
BRF:0
BRH:0
end_of_record
TN:
SF:/Users/vincentolagbemide/Documents/ReactProjects/main/epic-mail-react/src/redux/actions/deleteMessage/index.js
FN:3,(anonymous_0)
FN:4,(anonymous_1)
FN:5,(anonymous_2)
FN:7,(anonymous_3)
FN:7,(anonymous_4)
FNF:5
FNH:5
FNDA:2,(anonymous_0)
FNDA:2,(anonymous_1)
FNDA:1,(anonymous_2)
FNDA:1,(anonymous_3)
FNDA:1,(anonymous_4)
DA:3,2
DA:4,2
DA:5,1
DA:7,1
DA:8,1
DA:9,1
DA:10,1
DA:11,1
LF:8
LH:8
BRF:0
BRH:0
end_of_record
TN:
SF:/Users/vincentolagbemide/Documents/ReactProjects/main/epic-mail-react/src/redux/actions/getMessage/index.js
FN:3,(anonymous_0)
FN:4,(anonymous_1)
FN:5,(anonymous_2)
FN:7,(anonymous_3)
FN:7,(anonymous_4)
FNF:5
FNH:5
FNDA:2,(anonymous_0)
FNDA:2,(anonymous_1)
FNDA:1,(anonymous_2)
FNDA:1,(anonymous_3)
FNDA:1,(anonymous_4)
DA:3,2
DA:4,2
DA:5,1
DA:7,1
DA:8,1
DA:9,1
DA:10,1
DA:11,1
LF:8
LH:8
BRF:0
BRH:0
end_of_record
TN:
SF:/Users/vincentolagbemide/Documents/ReactProjects/main/epic-mail-react/src/redux/reducers/index.js
FNF:0
FNH:0
DA:12,3
LF:1
LH:1
BRF:0
BRH:0
end_of_record
TN:
SF:/Users/vincentolagbemide/Documents/ReactProjects/main/epic-mail-react/src/redux/reducers/Compose/index.js
FN:9,(anonymous_0)
FNF:1
FNH:1
FNDA:13,(anonymous_0)
DA:1,4
DA:9,4
DA:10,13
DA:12,1
DA:17,1
DA:23,1
DA:29,10
LF:7
LH:7
BRDA:9,0,0,10
BRDA:10,1,0,1
BRDA:10,1,1,1
BRDA:10,1,2,1
BRDA:10,1,3,10
BRF:5
BRH:5
end_of_record
TN:
SF:/Users/vincentolagbemide/Documents/ReactProjects/main/epic-mail-react/src/redux/reducers/Inbox/index.js
FN:9,(anonymous_0)
FNF:1
FNH:1
FNDA:13,(anonymous_0)
DA:1,4
DA:9,4
DA:10,13
DA:12,1
DA:17,1
DA:23,1
DA:29,10
LF:7
LH:7
BRDA:9,0,0,10
BRDA:10,1,0,1
BRDA:10,1,1,1
BRDA:10,1,2,1
BRDA:10,1,3,10
BRF:5
BRH:5
end_of_record
TN:
SF:/Users/vincentolagbemide/Documents/ReactProjects/main/epic-mail-react/src/redux/reducers/Sent/index.js
FN:9,(anonymous_0)
FNF:1
FNH:1
FNDA:13,(anonymous_0)
DA:1,4
DA:9,4
DA:10,13
DA:12,1
DA:17,1
DA:23,1
DA:29,10
LF:7
LH:7
BRDA:9,0,0,10
BRDA:10,1,0,1
BRDA:10,1,1,1
BRDA:10,1,2,1
BRDA:10,1,3,10
BRF:5
BRH:5
end_of_record
TN:
SF:/Users/vincentolagbemide/Documents/ReactProjects/main/epic-mail-react/src/redux/reducers/SignIn/index.js
FN:10,(anonymous_0)
FNF:1
FNH:1
FNDA:16,(anonymous_0)
DA:1,4
DA:10,4
DA:11,16
DA:13,1
DA:18,1
DA:24,1
DA:30,1
DA:36,1
DA:42,1
DA:49,10
LF:10
LH:10
BRDA:10,0,0,10
BRDA:11,1,0,1
BRDA:11,1,1,1
BRDA:11,1,2,1
BRDA:11,1,3,1
BRDA:11,1,4,1
BRDA:11,1,5,1
BRDA:11,1,6,10
BRF:8
BRH:8
end_of_record
TN:
SF:/Users/vincentolagbemide/Documents/ReactProjects/main/epic-mail-react/src/redux/reducers/SignUp/index.js
FN:10,(anonymous_0)
FNF:1
FNH:1
FNDA:16,(anonymous_0)
DA:1,4
DA:10,4
DA:11,16
DA:13,1
DA:18,1
DA:24,1
DA:30,1
DA:36,1
DA:42,1
DA:49,10
LF:10
LH:10
BRDA:10,0,0,10
BRDA:11,1,0,1
BRDA:11,1,1,1
BRDA:11,1,2,1
BRDA:11,1,3,1
BRDA:11,1,4,1
BRDA:11,1,5,1
BRDA:11,1,6,10
BRF:8
BRH:8
end_of_record
TN:
SF:/Users/vincentolagbemide/Documents/ReactProjects/main/epic-mail-react/src/redux/reducers/Trash/index.js
FN:9,(anonymous_0)
FNF:1
FNH:1
FNDA:13,(anonymous_0)
DA:1,4
DA:9,4
DA:10,13
DA:12,1
DA:17,1
DA:23,1
DA:29,10
LF:7
LH:7
BRDA:9,0,0,10
BRDA:10,1,0,1
BRDA:10,1,1,1
BRDA:10,1,2,1
BRDA:10,1,3,10
BRF:5
BRH:5
end_of_record
TN:
SF:/Users/vincentolagbemide/Documents/ReactProjects/main/epic-mail-react/src/redux/reducers/deleteMessage/index.js
FN:9,(anonymous_0)
FNF:1
FNH:1
FNDA:13,(anonymous_0)
DA:1,4
DA:9,4
DA:10,13
DA:12,1
DA:17,1
DA:23,1
DA:29,10
LF:7
LH:7
BRDA:9,0,0,10
BRDA:10,1,0,1
BRDA:10,1,1,1
BRDA:10,1,2,1
BRDA:10,1,3,10
BRF:5
BRH:5
end_of_record
TN:
SF:/Users/vincentolagbemide/Documents/ReactProjects/main/epic-mail-react/src/redux/reducers/getMessage/index.js
FN:9,(anonymous_0)
FNF:1
FNH:1
FNDA:13,(anonymous_0)
DA:1,4
DA:9,4
DA:10,13
DA:12,1
DA:17,1
DA:23,1
DA:29,10
LF:7
LH:7
BRDA:9,0,0,10
BRDA:10,1,0,1
BRDA:10,1,1,1
BRDA:10,1,2,1
BRDA:10,1,3,10
BRF:5
BRH:5
end_of_record
